# Logfile created on 2022-09-18 21:41:07 -0300 by logger.rb/v1.4.3
D, [2022-09-18T21:41:25.421109 #2948] DEBUG -- : MONGODB | Topology type 'unknown' initializing.
D, [2022-09-18T21:41:25.512552 #2948] DEBUG -- : MONGODB | There was a change in the members of the 'Unknown' topology.
D, [2022-09-18T21:41:25.537696 #2948] DEBUG -- : MONGODB | Server rocklov-db:27017 initializing.
D, [2022-09-18T21:41:25.554381 #2948] DEBUG -- : MONGODB | Waiting for up to 29.99 seconds for servers to be scanned: #<Cluster topology=Unknown[rocklov-db:27017] servers=[#<Server address=rocklov-db:27017 UNKNOWN>]>
D, [2022-09-18T21:41:25.894883 #2948] DEBUG -- : MONGODB | Server description for rocklov-db:27017 changed from 'unknown' to 'standalone'.
D, [2022-09-18T21:41:25.898226 #2948] DEBUG -- : MONGODB | Topology type 'Unknown' changed to type 'Single'.
D, [2022-09-18T21:41:25.955433 #2948] DEBUG -- : MONGODB | Server description for rocklov-db:27017 changed from 'standalone' to 'standalone'.
D, [2022-09-18T21:41:25.956111 #2948] DEBUG -- : MONGODB | There was a change in the members of the 'Single' topology.
D, [2022-09-18T21:41:25.975860 #2948] DEBUG -- : MONGODB | rocklov-db:27017 req:7 conn:1:1 sconn:35 | rocklov.delete | STARTED | {"delete"=>"users", "ordered"=>true, "deletes"=>[{"q"=>{"email"=>"diogenes-email@hotmail.com"}, "limit"=>0}], "$db"=>"rocklov", "lsid"=>{"id"=><BSON::Binary:0x4560 type=uuid data=0xe44b13931e2e408a...>}}
D, [2022-09-18T21:41:25.991571 #2948] DEBUG -- : MONGODB | rocklov-db:27017 req:7 | rocklov.delete | SUCCEEDED | 0.013s
D, [2022-09-18T21:41:31.300906 #2948] DEBUG -- : MONGODB | Server description for rocklov-db:27017 changed from 'standalone' to 'standalone'.
D, [2022-09-18T21:41:31.303013 #2948] DEBUG -- : MONGODB | There was a change in the members of the 'Single' topology.
D, [2022-09-18T21:41:31.305909 #2948] DEBUG -- : MONGODB | rocklov-db:27017 req:9 conn:1:2 sconn:37 | admin.endSessions | STARTED | {"endSessions"=>[{"id"=><BSON::Binary:0x4560 type=uuid data=0xe44b13931e2e408a...>}], "$db"=>"admin"}
D, [2022-09-18T21:41:31.318211 #2948] DEBUG -- : MONGODB | rocklov-db:27017 req:9 | admin.endSessions | SUCCEEDED | 0.012s
D, [2022-09-21T22:30:47.813026 #5868] DEBUG -- : MONGODB | Topology type 'unknown' initializing.
D, [2022-09-21T22:30:47.830853 #5868] DEBUG -- : MONGODB | There was a change in the members of the 'Unknown' topology.
D, [2022-09-21T22:30:47.834428 #5868] DEBUG -- : MONGODB | Server rocklov-db:27017 initializing.
D, [2022-09-21T22:30:47.837050 #5868] DEBUG -- : MONGODB | Waiting for up to 30.00 seconds for servers to be scanned: #<Cluster topology=Unknown[rocklov-db:27017] servers=[#<Server address=rocklov-db:27017 UNKNOWN>]>
D, [2022-09-21T22:30:47.948528 #5868] DEBUG -- : MONGODB | Server description for rocklov-db:27017 changed from 'unknown' to 'standalone'.
D, [2022-09-21T22:30:47.954183 #5868] DEBUG -- : MONGODB | Topology type 'Unknown' changed to type 'Single'.
D, [2022-09-21T22:30:47.984059 #5868] DEBUG -- : MONGODB | Server description for rocklov-db:27017 changed from 'standalone' to 'standalone'.
D, [2022-09-21T22:30:47.984554 #5868] DEBUG -- : MONGODB | There was a change in the members of the 'Single' topology.
D, [2022-09-21T22:30:47.991731 #5868] DEBUG -- : MONGODB | rocklov-db:27017 req:7 conn:1:1 sconn:3 | rocklov.delete | STARTED | {"delete"=>"users", "ordered"=>true, "deletes"=>[{"q"=>{"email"=>"diogenes-email@hotmail.com"}, "limit"=>0}], "$db"=>"rocklov", "lsid"=>{"id"=><BSON::Binary:0x4560 type=uuid data=0xf7cecd867c3b4211...>}}
D, [2022-09-21T22:30:48.005590 #5868] DEBUG -- : MONGODB | rocklov-db:27017 req:7 | rocklov.delete | SUCCEEDED | 0.013s
D, [2022-09-21T22:30:51.612770 #5868] DEBUG -- : MONGODB | Server description for rocklov-db:27017 changed from 'standalone' to 'standalone'.
D, [2022-09-21T22:30:51.615008 #5868] DEBUG -- : MONGODB | There was a change in the members of the 'Single' topology.
D, [2022-09-21T22:30:51.616770 #5868] DEBUG -- : MONGODB | rocklov-db:27017 req:9 conn:1:2 sconn:5 | admin.endSessions | STARTED | {"endSessions"=>[{"id"=><BSON::Binary:0x4560 type=uuid data=0xf7cecd867c3b4211...>}], "$db"=>"admin"}
D, [2022-09-21T22:30:51.628361 #5868] DEBUG -- : MONGODB | rocklov-db:27017 req:9 | admin.endSessions | SUCCEEDED | 0.011s
D, [2022-09-21T22:31:53.603401 #928] DEBUG -- : MONGODB | Topology type 'unknown' initializing.
D, [2022-09-21T22:31:53.627826 #928] DEBUG -- : MONGODB | There was a change in the members of the 'Unknown' topology.
D, [2022-09-21T22:31:53.630459 #928] DEBUG -- : MONGODB | Server rocklov-db:27017 initializing.
D, [2022-09-21T22:31:53.633474 #928] DEBUG -- : MONGODB | Waiting for up to 30.00 seconds for servers to be scanned: #<Cluster topology=Unknown[rocklov-db:27017] servers=[#<Server address=rocklov-db:27017 UNKNOWN>]>
D, [2022-09-21T22:31:53.683425 #928] DEBUG -- : MONGODB | Server description for rocklov-db:27017 changed from 'unknown' to 'standalone'.
D, [2022-09-21T22:31:53.698174 #928] DEBUG -- : MONGODB | Topology type 'Unknown' changed to type 'Single'.
D, [2022-09-21T22:31:53.725397 #928] DEBUG -- : MONGODB | Server description for rocklov-db:27017 changed from 'standalone' to 'standalone'.
D, [2022-09-21T22:31:53.725801 #928] DEBUG -- : MONGODB | There was a change in the members of the 'Single' topology.
D, [2022-09-21T22:31:53.730320 #928] DEBUG -- : MONGODB | rocklov-db:27017 req:7 conn:1:1 sconn:7 | rocklov.delete | STARTED | {"delete"=>"users", "ordered"=>true, "deletes"=>[{"q"=>{"email"=>"diogenes-email@hotmail.com"}, "limit"=>0}], "$db"=>"rocklov", "lsid"=>{"id"=><BSON::Binary:0x4560 type=uuid data=0x1ee6e8fc569e49d4...>}}
D, [2022-09-21T22:31:53.742788 #928] DEBUG -- : MONGODB | rocklov-db:27017 req:7 | rocklov.delete | SUCCEEDED | 0.012s
D, [2022-09-21T22:31:58.752268 #928] DEBUG -- : MONGODB | Server description for rocklov-db:27017 changed from 'standalone' to 'standalone'.
D, [2022-09-21T22:31:58.754439 #928] DEBUG -- : MONGODB | There was a change in the members of the 'Single' topology.
D, [2022-09-21T22:31:58.756117 #928] DEBUG -- : MONGODB | rocklov-db:27017 req:9 conn:1:2 sconn:8 | admin.endSessions | STARTED | {"endSessions"=>[{"id"=><BSON::Binary:0x4560 type=uuid data=0x1ee6e8fc569e49d4...>}], "$db"=>"admin"}
D, [2022-09-21T22:31:58.768534 #928] DEBUG -- : MONGODB | rocklov-db:27017 req:9 | admin.endSessions | SUCCEEDED | 0.012s
D, [2022-09-26T21:20:26.764056 #11104] DEBUG -- : MONGODB | Topology type 'unknown' initializing.
D, [2022-09-26T21:20:26.779502 #11104] DEBUG -- : MONGODB | There was a change in the members of the 'Unknown' topology.
D, [2022-09-26T21:20:26.783257 #11104] DEBUG -- : MONGODB | Server rocklov-db:27017 initializing.
D, [2022-09-26T21:20:26.785774 #11104] DEBUG -- : MONGODB | Waiting for up to 30.00 seconds for servers to be scanned: #<Cluster topology=Unknown[rocklov-db:27017] servers=[#<Server address=rocklov-db:27017 UNKNOWN>]>
D, [2022-09-26T21:20:26.883747 #11104] DEBUG -- : MONGODB | Server description for rocklov-db:27017 changed from 'unknown' to 'standalone'.
D, [2022-09-26T21:20:26.885190 #11104] DEBUG -- : MONGODB | Topology type 'Unknown' changed to type 'Single'.
D, [2022-09-26T21:20:26.936049 #11104] DEBUG -- : MONGODB | Server description for rocklov-db:27017 changed from 'standalone' to 'standalone'.
D, [2022-09-26T21:20:26.936500 #11104] DEBUG -- : MONGODB | There was a change in the members of the 'Single' topology.
D, [2022-09-26T21:20:26.969092 #11104] DEBUG -- : MONGODB | rocklov-db:27017 req:7 conn:1:1 sconn:3 | rocklov.delete | STARTED | {"delete"=>"users", "ordered"=>true, "deletes"=>[{"q"=>{"email"=>"diogenes-email@hotmail.com"}, "limit"=>0}], "$db"=>"rocklov", "lsid"=>{"id"=><BSON::Binary:0x4580 type=uuid data=0x08b65d8db2914531...>}}
D, [2022-09-26T21:20:26.984201 #11104] DEBUG -- : MONGODB | rocklov-db:27017 req:7 | rocklov.delete | SUCCEEDED | 0.014s
D, [2022-09-26T21:20:30.905546 #11104] DEBUG -- : MONGODB | Topology type 'unknown' initializing.
D, [2022-09-26T21:20:30.969527 #11104] DEBUG -- : MONGODB | There was a change in the members of the 'Unknown' topology.
D, [2022-09-26T21:20:30.971801 #11104] DEBUG -- : MONGODB | Server rocklov-db:27017 initializing.
D, [2022-09-26T21:20:30.975996 #11104] DEBUG -- : MONGODB | Waiting for up to 30.00 seconds for servers to be scanned: #<Cluster topology=Unknown[rocklov-db:27017] servers=[#<Server address=rocklov-db:27017 UNKNOWN>]>
D, [2022-09-26T21:20:30.994880 #11104] DEBUG -- : MONGODB | Server description for rocklov-db:27017 changed from 'unknown' to 'standalone'.
D, [2022-09-26T21:20:30.999071 #11104] DEBUG -- : MONGODB | Topology type 'Unknown' changed to type 'Single'.
D, [2022-09-26T21:20:31.026596 #11104] DEBUG -- : MONGODB | Server description for rocklov-db:27017 changed from 'standalone' to 'standalone'.
D, [2022-09-26T21:20:31.027132 #11104] DEBUG -- : MONGODB | There was a change in the members of the 'Single' topology.
D, [2022-09-26T21:20:31.032458 #11104] DEBUG -- : MONGODB | rocklov-db:27017 req:10 conn:1:1 sconn:5 | rocklov.delete | STARTED | {"delete"=>"users", "ordered"=>true, "deletes"=>[{"q"=>{"email"=>""}, "limit"=>0}], "$db"=>"rocklov", "lsid"=>{"id"=><BSON::Binary:0x4700 type=uuid data=0xdbb8a130a29f4a5f...>}}
D, [2022-09-26T21:20:31.035396 #11104] DEBUG -- : MONGODB | rocklov-db:27017 req:10 | rocklov.delete | SUCCEEDED | 0.002s
D, [2022-09-26T21:20:34.751192 #11104] DEBUG -- : MONGODB | Topology type 'unknown' initializing.
D, [2022-09-26T21:20:34.752149 #11104] DEBUG -- : MONGODB | There was a change in the members of the 'Unknown' topology.
D, [2022-09-26T21:20:34.752568 #11104] DEBUG -- : MONGODB | Server rocklov-db:27017 initializing.
D, [2022-09-26T21:20:34.753009 #11104] DEBUG -- : MONGODB | Waiting for up to 30.00 seconds for servers to be scanned: #<Cluster topology=Unknown[rocklov-db:27017] servers=[#<Server address=rocklov-db:27017 UNKNOWN>]>
D, [2022-09-26T21:20:34.775288 #11104] DEBUG -- : MONGODB | Server description for rocklov-db:27017 changed from 'unknown' to 'standalone'.
D, [2022-09-26T21:20:34.775988 #11104] DEBUG -- : MONGODB | Topology type 'Unknown' changed to type 'Single'.
D, [2022-09-26T21:20:34.793891 #11104] DEBUG -- : MONGODB | Server description for rocklov-db:27017 changed from 'standalone' to 'standalone'.
D, [2022-09-26T21:20:34.794324 #11104] DEBUG -- : MONGODB | There was a change in the members of the 'Single' topology.
D, [2022-09-26T21:20:34.795271 #11104] DEBUG -- : MONGODB | rocklov-db:27017 req:13 conn:1:1 sconn:7 | rocklov.delete | STARTED | {"delete"=>"users", "ordered"=>true, "deletes"=>[{"q"=>{"email"=>"diogenes-email*hotmail.com"}, "limit"=>0}], "$db"=>"rocklov", "lsid"=>{"id"=><BSON::Binary:0x4820 type=uuid data=0x2e8279443e024ac5...>}}
D, [2022-09-26T21:20:34.807165 #11104] DEBUG -- : MONGODB | rocklov-db:27017 req:13 | rocklov.delete | SUCCEEDED | 0.011s
D, [2022-09-26T21:20:36.904861 #11104] DEBUG -- : MONGODB | Server description for rocklov-db:27017 changed from 'standalone' to 'standalone'.
D, [2022-09-26T21:20:36.906617 #11104] DEBUG -- : MONGODB | There was a change in the members of the 'Single' topology.
D, [2022-09-26T21:20:38.064196 #11104] DEBUG -- : MONGODB | Topology type 'unknown' initializing.
D, [2022-09-26T21:20:38.064900 #11104] DEBUG -- : MONGODB | There was a change in the members of the 'Unknown' topology.
D, [2022-09-26T21:20:38.065292 #11104] DEBUG -- : MONGODB | Server rocklov-db:27017 initializing.
D, [2022-09-26T21:20:38.065841 #11104] DEBUG -- : MONGODB | Waiting for up to 30.00 seconds for servers to be scanned: #<Cluster topology=Unknown[rocklov-db:27017] servers=[#<Server address=rocklov-db:27017 UNKNOWN>]>
D, [2022-09-26T21:20:38.090748 #11104] DEBUG -- : MONGODB | Server description for rocklov-db:27017 changed from 'unknown' to 'standalone'.
D, [2022-09-26T21:20:38.091486 #11104] DEBUG -- : MONGODB | Topology type 'Unknown' changed to type 'Single'.
D, [2022-09-26T21:20:38.110102 #11104] DEBUG -- : MONGODB | Server description for rocklov-db:27017 changed from 'standalone' to 'standalone'.
D, [2022-09-26T21:20:38.110581 #11104] DEBUG -- : MONGODB | There was a change in the members of the 'Single' topology.
D, [2022-09-26T21:20:38.111856 #11104] DEBUG -- : MONGODB | rocklov-db:27017 req:16 conn:1:1 sconn:9 | rocklov.delete | STARTED | {"delete"=>"users", "ordered"=>true, "deletes"=>[{"q"=>{"email"=>"diogenes-email@hotmail.com"}, "limit"=>0}], "$db"=>"rocklov", "lsid"=>{"id"=><BSON::Binary:0x4960 type=uuid data=0x904f2ff80f154792...>}}
D, [2022-09-26T21:20:38.124426 #11104] DEBUG -- : MONGODB | rocklov-db:27017 req:16 | rocklov.delete | SUCCEEDED | 0.012s
D, [2022-09-26T21:20:40.311937 #11104] DEBUG -- : MONGODB | Server description for rocklov-db:27017 changed from 'standalone' to 'standalone'.
D, [2022-09-26T21:20:40.312461 #11104] DEBUG -- : MONGODB | There was a change in the members of the 'Single' topology.
D, [2022-09-26T21:20:40.314173 #11104] DEBUG -- : MONGODB | rocklov-db:27017 req:18 conn:1:2 sconn:10 | admin.endSessions | STARTED | {"endSessions"=>[{"id"=><BSON::Binary:0x4960 type=uuid data=0x904f2ff80f154792...>}], "$db"=>"admin"}
D, [2022-09-26T21:20:40.325592 #11104] DEBUG -- : MONGODB | rocklov-db:27017 req:18 | admin.endSessions | SUCCEEDED | 0.011s
D, [2022-09-26T21:20:40.348468 #11104] DEBUG -- : MONGODB | Server description for rocklov-db:27017 changed from 'standalone' to 'standalone'.
D, [2022-09-26T21:20:40.348876 #11104] DEBUG -- : MONGODB | There was a change in the members of the 'Single' topology.
D, [2022-09-26T21:20:40.349522 #11104] DEBUG -- : MONGODB | rocklov-db:27017 req:20 conn:1:2 sconn:11 | admin.endSessions | STARTED | {"endSessions"=>[{"id"=><BSON::Binary:0x4820 type=uuid data=0x2e8279443e024ac5...>}], "$db"=>"admin"}
D, [2022-09-26T21:20:40.361047 #11104] DEBUG -- : MONGODB | rocklov-db:27017 req:20 | admin.endSessions | SUCCEEDED | 0.011s
D, [2022-09-26T21:20:40.382821 #11104] DEBUG -- : MONGODB | Server description for rocklov-db:27017 changed from 'standalone' to 'standalone'.
D, [2022-09-26T21:20:40.383323 #11104] DEBUG -- : MONGODB | There was a change in the members of the 'Single' topology.
D, [2022-09-26T21:20:40.384083 #11104] DEBUG -- : MONGODB | rocklov-db:27017 req:22 conn:1:2 sconn:12 | admin.endSessions | STARTED | {"endSessions"=>[{"id"=><BSON::Binary:0x4700 type=uuid data=0xdbb8a130a29f4a5f...>}], "$db"=>"admin"}
D, [2022-09-26T21:20:40.395520 #11104] DEBUG -- : MONGODB | rocklov-db:27017 req:22 | admin.endSessions | SUCCEEDED | 0.011s
D, [2022-09-26T21:20:40.417136 #11104] DEBUG -- : MONGODB | Server description for rocklov-db:27017 changed from 'standalone' to 'standalone'.
D, [2022-09-26T21:20:40.417656 #11104] DEBUG -- : MONGODB | There was a change in the members of the 'Single' topology.
D, [2022-09-26T21:20:40.418440 #11104] DEBUG -- : MONGODB | rocklov-db:27017 req:24 conn:1:2 sconn:13 | admin.endSessions | STARTED | {"endSessions"=>[{"id"=><BSON::Binary:0x4580 type=uuid data=0x08b65d8db2914531...>}], "$db"=>"admin"}
D, [2022-09-26T21:20:40.430200 #11104] DEBUG -- : MONGODB | rocklov-db:27017 req:24 | admin.endSessions | SUCCEEDED | 0.011s
D, [2022-09-26T22:29:36.555946 #11036] DEBUG -- : MONGODB | Topology type 'unknown' initializing.
D, [2022-09-26T22:29:36.571092 #11036] DEBUG -- : MONGODB | There was a change in the members of the 'Unknown' topology.
D, [2022-09-26T22:29:36.574486 #11036] DEBUG -- : MONGODB | Server rocklov-db:27017 initializing.
D, [2022-09-26T22:29:36.577492 #11036] DEBUG -- : MONGODB | Waiting for up to 30.00 seconds for servers to be scanned: #<Cluster topology=Unknown[rocklov-db:27017] servers=[#<Server address=rocklov-db:27017 UNKNOWN>]>
D, [2022-09-26T22:29:36.622397 #11036] DEBUG -- : MONGODB | Server description for rocklov-db:27017 changed from 'unknown' to 'standalone'.
D, [2022-09-26T22:29:36.624357 #11036] DEBUG -- : MONGODB | Topology type 'Unknown' changed to type 'Single'.
D, [2022-09-26T22:29:36.663268 #11036] DEBUG -- : MONGODB | Server description for rocklov-db:27017 changed from 'standalone' to 'standalone'.
D, [2022-09-26T22:29:36.663716 #11036] DEBUG -- : MONGODB | There was a change in the members of the 'Single' topology.
D, [2022-09-26T22:29:36.669593 #11036] DEBUG -- : MONGODB | rocklov-db:27017 req:7 conn:1:1 sconn:15 | rocklov.delete | STARTED | {"delete"=>"users", "ordered"=>true, "deletes"=>[{"q"=>{"email"=>"diogenes-email@hotmail.com"}, "limit"=>0}], "$db"=>"rocklov", "lsid"=>{"id"=><BSON::Binary:0x4560 type=uuid data=0x6be56487e1d8446b...>}}
D, [2022-09-26T22:29:36.682206 #11036] DEBUG -- : MONGODB | rocklov-db:27017 req:7 | rocklov.delete | SUCCEEDED | 0.011s
D, [2022-09-26T22:29:39.745986 #11036] DEBUG -- : MONGODB | Server description for rocklov-db:27017 changed from 'standalone' to 'standalone'.
D, [2022-09-26T22:29:39.748547 #11036] DEBUG -- : MONGODB | There was a change in the members of the 'Single' topology.
D, [2022-09-26T22:29:39.749742 #11036] DEBUG -- : MONGODB | rocklov-db:27017 req:9 conn:1:2 sconn:17 | admin.endSessions | STARTED | {"endSessions"=>[{"id"=><BSON::Binary:0x4560 type=uuid data=0x6be56487e1d8446b...>}], "$db"=>"admin"}
D, [2022-09-26T22:29:39.761659 #11036] DEBUG -- : MONGODB | rocklov-db:27017 req:9 | admin.endSessions | SUCCEEDED | 0.012s
D, [2022-09-26T22:49:39.564145 #5712] DEBUG -- : MONGODB | Topology type 'unknown' initializing.
D, [2022-09-26T22:49:39.576264 #5712] DEBUG -- : MONGODB | There was a change in the members of the 'Unknown' topology.
D, [2022-09-26T22:49:39.578498 #5712] DEBUG -- : MONGODB | Server rocklov-db:27017 initializing.
D, [2022-09-26T22:49:39.581935 #5712] DEBUG -- : MONGODB | Waiting for up to 30.00 seconds for servers to be scanned: #<Cluster topology=Unknown[rocklov-db:27017] servers=[#<Server address=rocklov-db:27017 UNKNOWN>]>
D, [2022-09-26T22:49:39.664905 #5712] DEBUG -- : MONGODB | Server description for rocklov-db:27017 changed from 'unknown' to 'standalone'.
D, [2022-09-26T22:49:39.667199 #5712] DEBUG -- : MONGODB | Topology type 'Unknown' changed to type 'Single'.
D, [2022-09-26T22:49:39.709176 #5712] DEBUG -- : MONGODB | Server description for rocklov-db:27017 changed from 'standalone' to 'standalone'.
D, [2022-09-26T22:49:39.709630 #5712] DEBUG -- : MONGODB | There was a change in the members of the 'Single' topology.
D, [2022-09-26T22:49:39.721457 #5712] DEBUG -- : MONGODB | rocklov-db:27017 req:7 conn:1:1 sconn:19 | rocklov.delete | STARTED | {"delete"=>"users", "ordered"=>true, "deletes"=>[{"q"=>{"email"=>"diogenes-email@hotmail.com"}, "limit"=>0}], "$db"=>"rocklov", "lsid"=>{"id"=><BSON::Binary:0x4580 type=uuid data=0x86a1d7a1006f44da...>}}
D, [2022-09-26T22:49:39.736595 #5712] DEBUG -- : MONGODB | rocklov-db:27017 req:7 | rocklov.delete | SUCCEEDED | 0.013s
D, [2022-09-26T22:49:44.368826 #5712] DEBUG -- : MONGODB | Topology type 'unknown' initializing.
D, [2022-09-26T22:49:44.373861 #5712] DEBUG -- : MONGODB | There was a change in the members of the 'Unknown' topology.
D, [2022-09-26T22:49:44.378905 #5712] DEBUG -- : MONGODB | Server rocklov-db:27017 initializing.
D, [2022-09-26T22:49:44.380143 #5712] DEBUG -- : MONGODB | Waiting for up to 30.00 seconds for servers to be scanned: #<Cluster topology=Unknown[rocklov-db:27017] servers=[#<Server address=rocklov-db:27017 UNKNOWN>]>
D, [2022-09-26T22:49:44.403535 #5712] DEBUG -- : MONGODB | Server description for rocklov-db:27017 changed from 'unknown' to 'standalone'.
D, [2022-09-26T22:49:44.409166 #5712] DEBUG -- : MONGODB | Topology type 'Unknown' changed to type 'Single'.
D, [2022-09-26T22:49:44.435847 #5712] DEBUG -- : MONGODB | Server description for rocklov-db:27017 changed from 'standalone' to 'standalone'.
D, [2022-09-26T22:49:44.436258 #5712] DEBUG -- : MONGODB | There was a change in the members of the 'Single' topology.
D, [2022-09-26T22:49:44.438525 #5712] DEBUG -- : MONGODB | rocklov-db:27017 req:10 conn:1:1 sconn:21 | rocklov.delete | STARTED | {"delete"=>"users", "ordered"=>true, "deletes"=>[{"q"=>{"email"=>""}, "limit"=>0}], "$db"=>"rocklov", "lsid"=>{"id"=><BSON::Binary:0x4700 type=uuid data=0x0ef1f7cbc27d47b2...>}}
D, [2022-09-26T22:49:44.448042 #5712] DEBUG -- : MONGODB | rocklov-db:27017 req:10 | rocklov.delete | SUCCEEDED | 0.008s
D, [2022-09-26T22:49:48.328751 #5712] DEBUG -- : MONGODB | Topology type 'unknown' initializing.
D, [2022-09-26T22:49:48.330119 #5712] DEBUG -- : MONGODB | There was a change in the members of the 'Unknown' topology.
D, [2022-09-26T22:49:48.331152 #5712] DEBUG -- : MONGODB | Server rocklov-db:27017 initializing.
D, [2022-09-26T22:49:48.334329 #5712] DEBUG -- : MONGODB | Waiting for up to 30.00 seconds for servers to be scanned: #<Cluster topology=Unknown[rocklov-db:27017] servers=[#<Server address=rocklov-db:27017 UNKNOWN>]>
D, [2022-09-26T22:49:48.358542 #5712] DEBUG -- : MONGODB | Server description for rocklov-db:27017 changed from 'unknown' to 'standalone'.
D, [2022-09-26T22:49:48.359268 #5712] DEBUG -- : MONGODB | Topology type 'Unknown' changed to type 'Single'.
D, [2022-09-26T22:49:48.377744 #5712] DEBUG -- : MONGODB | Server description for rocklov-db:27017 changed from 'standalone' to 'standalone'.
D, [2022-09-26T22:49:48.378475 #5712] DEBUG -- : MONGODB | There was a change in the members of the 'Single' topology.
D, [2022-09-26T22:49:48.380000 #5712] DEBUG -- : MONGODB | rocklov-db:27017 req:13 conn:1:1 sconn:23 | rocklov.delete | STARTED | {"delete"=>"users", "ordered"=>true, "deletes"=>[{"q"=>{"email"=>"diogenes-email*hotmail.com"}, "limit"=>0}], "$db"=>"rocklov", "lsid"=>{"id"=><BSON::Binary:0x4820 type=uuid data=0x403b2f1f0c57437b...>}}
D, [2022-09-26T22:49:48.392069 #5712] DEBUG -- : MONGODB | rocklov-db:27017 req:13 | rocklov.delete | SUCCEEDED | 0.012s
D, [2022-09-26T22:49:49.686268 #5712] DEBUG -- : MONGODB | Server description for rocklov-db:27017 changed from 'standalone' to 'standalone'.
D, [2022-09-26T22:49:49.686795 #5712] DEBUG -- : MONGODB | There was a change in the members of the 'Single' topology.
D, [2022-09-26T22:49:51.106829 #5712] DEBUG -- : MONGODB | Topology type 'unknown' initializing.
D, [2022-09-26T22:49:51.108228 #5712] DEBUG -- : MONGODB | There was a change in the members of the 'Unknown' topology.
D, [2022-09-26T22:49:51.108888 #5712] DEBUG -- : MONGODB | Server rocklov-db:27017 initializing.
D, [2022-09-26T22:49:51.109714 #5712] DEBUG -- : MONGODB | Waiting for up to 30.00 seconds for servers to be scanned: #<Cluster topology=Unknown[rocklov-db:27017] servers=[#<Server address=rocklov-db:27017 UNKNOWN>]>
D, [2022-09-26T22:49:51.136916 #5712] DEBUG -- : MONGODB | Server description for rocklov-db:27017 changed from 'unknown' to 'standalone'.
D, [2022-09-26T22:49:51.137714 #5712] DEBUG -- : MONGODB | Topology type 'Unknown' changed to type 'Single'.
D, [2022-09-26T22:49:51.156710 #5712] DEBUG -- : MONGODB | Server description for rocklov-db:27017 changed from 'standalone' to 'standalone'.
D, [2022-09-26T22:49:51.157252 #5712] DEBUG -- : MONGODB | There was a change in the members of the 'Single' topology.
D, [2022-09-26T22:49:51.158925 #5712] DEBUG -- : MONGODB | rocklov-db:27017 req:16 conn:1:1 sconn:25 | rocklov.delete | STARTED | {"delete"=>"users", "ordered"=>true, "deletes"=>[{"q"=>{"email"=>"diogenes-email@hotmail.com"}, "limit"=>0}], "$db"=>"rocklov", "lsid"=>{"id"=><BSON::Binary:0x4960 type=uuid data=0x5ee25740191f4b9e...>}}
D, [2022-09-26T22:49:51.171482 #5712] DEBUG -- : MONGODB | rocklov-db:27017 req:16 | rocklov.delete | SUCCEEDED | 0.012s
D, [2022-09-26T22:49:53.301910 #5712] DEBUG -- : MONGODB | Server description for rocklov-db:27017 changed from 'standalone' to 'standalone'.
D, [2022-09-26T22:49:53.302399 #5712] DEBUG -- : MONGODB | There was a change in the members of the 'Single' topology.
D, [2022-09-26T22:49:53.304244 #5712] DEBUG -- : MONGODB | rocklov-db:27017 req:18 conn:1:2 sconn:26 | admin.endSessions | STARTED | {"endSessions"=>[{"id"=><BSON::Binary:0x4960 type=uuid data=0x5ee25740191f4b9e...>}], "$db"=>"admin"}
D, [2022-09-26T22:49:53.316262 #5712] DEBUG -- : MONGODB | rocklov-db:27017 req:18 | admin.endSessions | SUCCEEDED | 0.012s
D, [2022-09-26T22:49:53.338807 #5712] DEBUG -- : MONGODB | Server description for rocklov-db:27017 changed from 'standalone' to 'standalone'.
D, [2022-09-26T22:49:53.339211 #5712] DEBUG -- : MONGODB | There was a change in the members of the 'Single' topology.
D, [2022-09-26T22:49:53.340205 #5712] DEBUG -- : MONGODB | rocklov-db:27017 req:20 conn:1:2 sconn:27 | admin.endSessions | STARTED | {"endSessions"=>[{"id"=><BSON::Binary:0x4820 type=uuid data=0x403b2f1f0c57437b...>}], "$db"=>"admin"}
D, [2022-09-26T22:49:53.352507 #5712] DEBUG -- : MONGODB | rocklov-db:27017 req:20 | admin.endSessions | SUCCEEDED | 0.012s
D, [2022-09-26T22:49:53.376181 #5712] DEBUG -- : MONGODB | Server description for rocklov-db:27017 changed from 'standalone' to 'standalone'.
D, [2022-09-26T22:49:53.376571 #5712] DEBUG -- : MONGODB | There was a change in the members of the 'Single' topology.
D, [2022-09-26T22:49:53.377375 #5712] DEBUG -- : MONGODB | rocklov-db:27017 req:22 conn:1:2 sconn:28 | admin.endSessions | STARTED | {"endSessions"=>[{"id"=><BSON::Binary:0x4700 type=uuid data=0x0ef1f7cbc27d47b2...>}], "$db"=>"admin"}
D, [2022-09-26T22:49:53.389554 #5712] DEBUG -- : MONGODB | rocklov-db:27017 req:22 | admin.endSessions | SUCCEEDED | 0.012s
D, [2022-09-26T22:49:53.411310 #5712] DEBUG -- : MONGODB | Server description for rocklov-db:27017 changed from 'standalone' to 'standalone'.
D, [2022-09-26T22:49:53.411710 #5712] DEBUG -- : MONGODB | There was a change in the members of the 'Single' topology.
D, [2022-09-26T22:49:53.412480 #5712] DEBUG -- : MONGODB | rocklov-db:27017 req:24 conn:1:2 sconn:29 | admin.endSessions | STARTED | {"endSessions"=>[{"id"=><BSON::Binary:0x4580 type=uuid data=0x86a1d7a1006f44da...>}], "$db"=>"admin"}
D, [2022-09-26T22:49:53.424650 #5712] DEBUG -- : MONGODB | rocklov-db:27017 req:24 | admin.endSessions | SUCCEEDED | 0.012s
D, [2022-09-26T22:54:39.714817 #9380] DEBUG -- : MONGODB | Topology type 'unknown' initializing.
D, [2022-09-26T22:54:39.838556 #9380] DEBUG -- : MONGODB | There was a change in the members of the 'Unknown' topology.
D, [2022-09-26T22:54:39.847291 #9380] DEBUG -- : MONGODB | Server rocklov-db:27017 initializing.
D, [2022-09-26T22:54:39.854260 #9380] DEBUG -- : MONGODB | Waiting for up to 30.00 seconds for servers to be scanned: #<Cluster topology=Unknown[rocklov-db:27017] servers=[#<Server address=rocklov-db:27017 UNKNOWN>]>
D, [2022-09-26T22:54:40.025444 #9380] DEBUG -- : MONGODB | Server description for rocklov-db:27017 changed from 'unknown' to 'standalone'.
D, [2022-09-26T22:54:40.029698 #9380] DEBUG -- : MONGODB | Topology type 'Unknown' changed to type 'Single'.
D, [2022-09-26T22:54:40.066444 #9380] DEBUG -- : MONGODB | Server description for rocklov-db:27017 changed from 'standalone' to 'standalone'.
D, [2022-09-26T22:54:40.066982 #9380] DEBUG -- : MONGODB | There was a change in the members of the 'Single' topology.
D, [2022-09-26T22:54:40.078595 #9380] DEBUG -- : MONGODB | rocklov-db:27017 req:7 conn:1:1 sconn:31 | rocklov.delete | STARTED | {"delete"=>"users", "ordered"=>true, "deletes"=>[{"q"=>{"email"=>"diogenes-email@hotmail.com"}, "limit"=>0}], "$db"=>"rocklov", "lsid"=>{"id"=><BSON::Binary:0x4580 type=uuid data=0xf3d4392dcebd45d6...>}}
D, [2022-09-26T22:54:40.094205 #9380] DEBUG -- : MONGODB | rocklov-db:27017 req:7 | rocklov.delete | SUCCEEDED | 0.014s
D, [2022-09-26T22:54:50.040831 #9380] DEBUG -- : MONGODB | Server description for rocklov-db:27017 changed from 'standalone' to 'standalone'.
D, [2022-09-26T22:54:50.046365 #9380] DEBUG -- : MONGODB | There was a change in the members of the 'Single' topology.
D, [2022-09-26T22:54:51.680425 #9380] DEBUG -- : MONGODB | Server description for rocklov-db:27017 changed from 'standalone' to 'standalone'.
D, [2022-09-26T22:54:51.680925 #9380] DEBUG -- : MONGODB | There was a change in the members of the 'Single' topology.
D, [2022-09-26T22:54:51.682917 #9380] DEBUG -- : MONGODB | rocklov-db:27017 req:9 conn:1:2 sconn:33 | admin.endSessions | STARTED | {"endSessions"=>[{"id"=><BSON::Binary:0x4580 type=uuid data=0xf3d4392dcebd45d6...>}], "$db"=>"admin"}
D, [2022-09-26T22:54:51.694719 #9380] DEBUG -- : MONGODB | rocklov-db:27017 req:9 | admin.endSessions | SUCCEEDED | 0.011s
D, [2022-09-26T22:56:20.522603 #3432] DEBUG -- : MONGODB | Topology type 'unknown' initializing.
D, [2022-09-26T22:56:20.547463 #3432] DEBUG -- : MONGODB | There was a change in the members of the 'Unknown' topology.
D, [2022-09-26T22:56:20.553381 #3432] DEBUG -- : MONGODB | Server rocklov-db:27017 initializing.
D, [2022-09-26T22:56:20.557888 #3432] DEBUG -- : MONGODB | Waiting for up to 30.00 seconds for servers to be scanned: #<Cluster topology=Unknown[rocklov-db:27017] servers=[#<Server address=rocklov-db:27017 UNKNOWN>]>
D, [2022-09-26T22:56:20.721715 #3432] DEBUG -- : MONGODB | Server description for rocklov-db:27017 changed from 'unknown' to 'standalone'.
D, [2022-09-26T22:56:20.728586 #3432] DEBUG -- : MONGODB | Topology type 'Unknown' changed to type 'Single'.
D, [2022-09-26T22:56:20.791932 #3432] DEBUG -- : MONGODB | Server description for rocklov-db:27017 changed from 'standalone' to 'standalone'.
D, [2022-09-26T22:56:20.793077 #3432] DEBUG -- : MONGODB | There was a change in the members of the 'Single' topology.
D, [2022-09-26T22:56:20.808998 #3432] DEBUG -- : MONGODB | rocklov-db:27017 req:7 conn:1:1 sconn:35 | rocklov.delete | STARTED | {"delete"=>"users", "ordered"=>true, "deletes"=>[{"q"=>{"email"=>"diogenes-email@hotmail.com"}, "limit"=>0}], "$db"=>"rocklov", "lsid"=>{"id"=><BSON::Binary:0x4580 type=uuid data=0xa03541b4518d471c...>}}
D, [2022-09-26T22:56:20.821003 #3432] DEBUG -- : MONGODB | rocklov-db:27017 req:7 | rocklov.delete | SUCCEEDED | 0.009s
D, [2022-09-26T22:56:30.762979 #3432] DEBUG -- : MONGODB | Server description for rocklov-db:27017 changed from 'standalone' to 'standalone'.
D, [2022-09-26T22:56:30.789224 #3432] DEBUG -- : MONGODB | There was a change in the members of the 'Single' topology.
D, [2022-09-26T22:56:35.036047 #3432] DEBUG -- : MONGODB | Server description for rocklov-db:27017 changed from 'standalone' to 'standalone'.
D, [2022-09-26T22:56:35.036949 #3432] DEBUG -- : MONGODB | There was a change in the members of the 'Single' topology.
D, [2022-09-26T22:56:35.040086 #3432] DEBUG -- : MONGODB | rocklov-db:27017 req:9 conn:1:2 sconn:36 | admin.endSessions | STARTED | {"endSessions"=>[{"id"=><BSON::Binary:0x4580 type=uuid data=0xa03541b4518d471c...>}], "$db"=>"admin"}
D, [2022-09-26T22:56:35.052168 #3432] DEBUG -- : MONGODB | rocklov-db:27017 req:9 | admin.endSessions | SUCCEEDED | 0.012s
D, [2022-09-26T23:00:48.099641 #10356] DEBUG -- : MONGODB | Topology type 'unknown' initializing.
D, [2022-09-26T23:00:48.112647 #10356] DEBUG -- : MONGODB | There was a change in the members of the 'Unknown' topology.
D, [2022-09-26T23:00:48.116240 #10356] DEBUG -- : MONGODB | Server rocklov-db:27017 initializing.
D, [2022-09-26T23:00:48.119901 #10356] DEBUG -- : MONGODB | Waiting for up to 30.00 seconds for servers to be scanned: #<Cluster topology=Unknown[rocklov-db:27017] servers=[#<Server address=rocklov-db:27017 UNKNOWN>]>
D, [2022-09-26T23:00:48.221118 #10356] DEBUG -- : MONGODB | Server description for rocklov-db:27017 changed from 'unknown' to 'standalone'.
D, [2022-09-26T23:00:48.225811 #10356] DEBUG -- : MONGODB | Topology type 'Unknown' changed to type 'Single'.
D, [2022-09-26T23:00:48.266874 #10356] DEBUG -- : MONGODB | Server description for rocklov-db:27017 changed from 'standalone' to 'standalone'.
D, [2022-09-26T23:00:48.267269 #10356] DEBUG -- : MONGODB | There was a change in the members of the 'Single' topology.
D, [2022-09-26T23:00:48.274859 #10356] DEBUG -- : MONGODB | rocklov-db:27017 req:7 conn:1:1 sconn:38 | rocklov.delete | STARTED | {"delete"=>"users", "ordered"=>true, "deletes"=>[{"q"=>{"email"=>"diogenes-email@hotmail.com"}, "limit"=>0}], "$db"=>"rocklov", "lsid"=>{"id"=><BSON::Binary:0x4580 type=uuid data=0x79ef724f866c421c...>}}
D, [2022-09-26T23:00:48.287065 #10356] DEBUG -- : MONGODB | rocklov-db:27017 req:7 | rocklov.delete | SUCCEEDED | 0.012s
D, [2022-09-26T23:00:52.166105 #10356] DEBUG -- : MONGODB | Topology type 'unknown' initializing.
D, [2022-09-26T23:00:52.169114 #10356] DEBUG -- : MONGODB | There was a change in the members of the 'Unknown' topology.
D, [2022-09-26T23:00:52.169677 #10356] DEBUG -- : MONGODB | Server rocklov-db:27017 initializing.
D, [2022-09-26T23:00:52.170253 #10356] DEBUG -- : MONGODB | Waiting for up to 30.00 seconds for servers to be scanned: #<Cluster topology=Unknown[rocklov-db:27017] servers=[#<Server address=rocklov-db:27017 UNKNOWN>]>
D, [2022-09-26T23:00:52.203696 #10356] DEBUG -- : MONGODB | Server description for rocklov-db:27017 changed from 'unknown' to 'standalone'.
D, [2022-09-26T23:00:52.204395 #10356] DEBUG -- : MONGODB | Topology type 'Unknown' changed to type 'Single'.
D, [2022-09-26T23:00:52.232092 #10356] DEBUG -- : MONGODB | Server description for rocklov-db:27017 changed from 'standalone' to 'standalone'.
D, [2022-09-26T23:00:52.232699 #10356] DEBUG -- : MONGODB | There was a change in the members of the 'Single' topology.
D, [2022-09-26T23:00:52.234505 #10356] DEBUG -- : MONGODB | rocklov-db:27017 req:10 conn:1:1 sconn:40 | rocklov.delete | STARTED | {"delete"=>"users", "ordered"=>true, "deletes"=>[{"q"=>{"email"=>"diogenes-email@hotmail.com"}, "limit"=>0}], "$db"=>"rocklov", "lsid"=>{"id"=><BSON::Binary:0x4700 type=uuid data=0xb4d8ba676cf04959...>}}
D, [2022-09-26T23:00:52.247651 #10356] DEBUG -- : MONGODB | rocklov-db:27017 req:10 | rocklov.delete | SUCCEEDED | 0.012s
D, [2022-09-26T23:00:57.285335 #10356] DEBUG -- : MONGODB | Topology type 'unknown' initializing.
D, [2022-09-26T23:00:57.288776 #10356] DEBUG -- : MONGODB | There was a change in the members of the 'Unknown' topology.
D, [2022-09-26T23:00:57.292667 #10356] DEBUG -- : MONGODB | Server rocklov-db:27017 initializing.
D, [2022-09-26T23:00:57.295541 #10356] DEBUG -- : MONGODB | Waiting for up to 30.00 seconds for servers to be scanned: #<Cluster topology=Unknown[rocklov-db:27017] servers=[#<Server address=rocklov-db:27017 UNKNOWN>]>
D, [2022-09-26T23:00:57.321753 #10356] DEBUG -- : MONGODB | Server description for rocklov-db:27017 changed from 'unknown' to 'standalone'.
D, [2022-09-26T23:00:57.324601 #10356] DEBUG -- : MONGODB | Topology type 'Unknown' changed to type 'Single'.
D, [2022-09-26T23:00:57.343409 #10356] DEBUG -- : MONGODB | Server description for rocklov-db:27017 changed from 'standalone' to 'standalone'.
D, [2022-09-26T23:00:57.343923 #10356] DEBUG -- : MONGODB | There was a change in the members of the 'Single' topology.
D, [2022-09-26T23:00:57.346154 #10356] DEBUG -- : MONGODB | rocklov-db:27017 req:13 conn:1:1 sconn:42 | rocklov.delete | STARTED | {"delete"=>"users", "ordered"=>true, "deletes"=>[{"q"=>{"email"=>""}, "limit"=>0}], "$db"=>"rocklov", "lsid"=>{"id"=><BSON::Binary:0x5240 type=uuid data=0x915adef9efc04d4d...>}}
D, [2022-09-26T23:00:57.348670 #10356] DEBUG -- : MONGODB | rocklov-db:27017 req:13 | rocklov.delete | SUCCEEDED | 0.002s
D, [2022-09-26T23:00:58.245047 #10356] DEBUG -- : MONGODB | Server description for rocklov-db:27017 changed from 'standalone' to 'standalone'.
D, [2022-09-26T23:00:58.245614 #10356] DEBUG -- : MONGODB | There was a change in the members of the 'Single' topology.
D, [2022-09-26T23:01:01.859730 #10356] DEBUG -- : MONGODB | Topology type 'unknown' initializing.
D, [2022-09-26T23:01:01.863462 #10356] DEBUG -- : MONGODB | There was a change in the members of the 'Unknown' topology.
D, [2022-09-26T23:01:01.866413 #10356] DEBUG -- : MONGODB | Server rocklov-db:27017 initializing.
D, [2022-09-26T23:01:01.867629 #10356] DEBUG -- : MONGODB | Waiting for up to 30.00 seconds for servers to be scanned: #<Cluster topology=Unknown[rocklov-db:27017] servers=[#<Server address=rocklov-db:27017 UNKNOWN>]>
D, [2022-09-26T23:01:01.899994 #10356] DEBUG -- : MONGODB | Server description for rocklov-db:27017 changed from 'unknown' to 'standalone'.
D, [2022-09-26T23:01:01.900697 #10356] DEBUG -- : MONGODB | Topology type 'Unknown' changed to type 'Single'.
D, [2022-09-26T23:01:01.919566 #10356] DEBUG -- : MONGODB | Server description for rocklov-db:27017 changed from 'standalone' to 'standalone'.
D, [2022-09-26T23:01:01.920095 #10356] DEBUG -- : MONGODB | There was a change in the members of the 'Single' topology.
D, [2022-09-26T23:01:01.923081 #10356] DEBUG -- : MONGODB | rocklov-db:27017 req:16 conn:1:1 sconn:44 | rocklov.delete | STARTED | {"delete"=>"users", "ordered"=>true, "deletes"=>[{"q"=>{"email"=>"diogenes-email*hotmail.com"}, "limit"=>0}], "$db"=>"rocklov", "lsid"=>{"id"=><BSON::Binary:0x5380 type=uuid data=0xa0a991fb8fab487c...>}}
D, [2022-09-26T23:01:01.938077 #10356] DEBUG -- : MONGODB | rocklov-db:27017 req:16 | rocklov.delete | SUCCEEDED | 0.013s
D, [2022-09-26T23:01:02.219138 #10356] DEBUG -- : MONGODB | Server description for rocklov-db:27017 changed from 'standalone' to 'standalone'.
D, [2022-09-26T23:01:02.219610 #10356] DEBUG -- : MONGODB | There was a change in the members of the 'Single' topology.
D, [2022-09-26T23:01:06.363063 #10356] DEBUG -- : MONGODB | Topology type 'unknown' initializing.
D, [2022-09-26T23:01:06.364284 #10356] DEBUG -- : MONGODB | There was a change in the members of the 'Unknown' topology.
D, [2022-09-26T23:01:06.364872 #10356] DEBUG -- : MONGODB | Server rocklov-db:27017 initializing.
D, [2022-09-26T23:01:06.365483 #10356] DEBUG -- : MONGODB | Waiting for up to 30.00 seconds for servers to be scanned: #<Cluster topology=Unknown[rocklov-db:27017] servers=[#<Server address=rocklov-db:27017 UNKNOWN>]>
D, [2022-09-26T23:01:06.394274 #10356] DEBUG -- : MONGODB | Server description for rocklov-db:27017 changed from 'unknown' to 'standalone'.
D, [2022-09-26T23:01:06.394888 #10356] DEBUG -- : MONGODB | Topology type 'Unknown' changed to type 'Single'.
D, [2022-09-26T23:01:06.416122 #10356] DEBUG -- : MONGODB | Server description for rocklov-db:27017 changed from 'standalone' to 'standalone'.
D, [2022-09-26T23:01:06.416737 #10356] DEBUG -- : MONGODB | There was a change in the members of the 'Single' topology.
D, [2022-09-26T23:01:06.419267 #10356] DEBUG -- : MONGODB | rocklov-db:27017 req:19 conn:1:1 sconn:46 | rocklov.delete | STARTED | {"delete"=>"users", "ordered"=>true, "deletes"=>[{"q"=>{"email"=>"diogenes-email@hotmail.com"}, "limit"=>0}], "$db"=>"rocklov", "lsid"=>{"id"=><BSON::Binary:0x5520 type=uuid data=0x5bc4018efa1a4600...>}}
D, [2022-09-26T23:01:06.433357 #10356] DEBUG -- : MONGODB | rocklov-db:27017 req:19 | rocklov.delete | SUCCEEDED | 0.012s
D, [2022-09-26T23:01:07.329745 #10356] DEBUG -- : MONGODB | Server description for rocklov-db:27017 changed from 'standalone' to 'standalone'.
D, [2022-09-26T23:01:07.330201 #10356] DEBUG -- : MONGODB | There was a change in the members of the 'Single' topology.
D, [2022-09-26T23:01:09.386340 #10356] DEBUG -- : MONGODB | Server description for rocklov-db:27017 changed from 'standalone' to 'standalone'.
D, [2022-09-26T23:01:09.386824 #10356] DEBUG -- : MONGODB | There was a change in the members of the 'Single' topology.
D, [2022-09-26T23:01:09.389064 #10356] DEBUG -- : MONGODB | rocklov-db:27017 req:21 conn:1:2 sconn:47 | admin.endSessions | STARTED | {"endSessions"=>[{"id"=><BSON::Binary:0x5520 type=uuid data=0x5bc4018efa1a4600...>}], "$db"=>"admin"}
D, [2022-09-26T23:01:09.400638 #10356] DEBUG -- : MONGODB | rocklov-db:27017 req:21 | admin.endSessions | SUCCEEDED | 0.011s
D, [2022-09-26T23:01:09.424264 #10356] DEBUG -- : MONGODB | Server description for rocklov-db:27017 changed from 'standalone' to 'standalone'.
D, [2022-09-26T23:01:09.424643 #10356] DEBUG -- : MONGODB | There was a change in the members of the 'Single' topology.
D, [2022-09-26T23:01:09.425400 #10356] DEBUG -- : MONGODB | rocklov-db:27017 req:23 conn:1:2 sconn:48 | admin.endSessions | STARTED | {"endSessions"=>[{"id"=><BSON::Binary:0x5380 type=uuid data=0xa0a991fb8fab487c...>}], "$db"=>"admin"}
D, [2022-09-26T23:01:09.436698 #10356] DEBUG -- : MONGODB | rocklov-db:27017 req:23 | admin.endSessions | SUCCEEDED | 0.011s
D, [2022-09-26T23:01:09.459505 #10356] DEBUG -- : MONGODB | Server description for rocklov-db:27017 changed from 'standalone' to 'standalone'.
D, [2022-09-26T23:01:09.459930 #10356] DEBUG -- : MONGODB | There was a change in the members of the 'Single' topology.
D, [2022-09-26T23:01:09.460728 #10356] DEBUG -- : MONGODB | rocklov-db:27017 req:25 conn:1:2 sconn:49 | admin.endSessions | STARTED | {"endSessions"=>[{"id"=><BSON::Binary:0x5240 type=uuid data=0x915adef9efc04d4d...>}], "$db"=>"admin"}
D, [2022-09-26T23:01:09.473091 #10356] DEBUG -- : MONGODB | rocklov-db:27017 req:25 | admin.endSessions | SUCCEEDED | 0.012s
D, [2022-09-26T23:01:09.494742 #10356] DEBUG -- : MONGODB | Server description for rocklov-db:27017 changed from 'standalone' to 'standalone'.
D, [2022-09-26T23:01:09.495132 #10356] DEBUG -- : MONGODB | There was a change in the members of the 'Single' topology.
D, [2022-09-26T23:01:09.495935 #10356] DEBUG -- : MONGODB | rocklov-db:27017 req:27 conn:1:2 sconn:50 | admin.endSessions | STARTED | {"endSessions"=>[{"id"=><BSON::Binary:0x4700 type=uuid data=0xb4d8ba676cf04959...>}], "$db"=>"admin"}
D, [2022-09-26T23:01:09.507171 #10356] DEBUG -- : MONGODB | rocklov-db:27017 req:27 | admin.endSessions | SUCCEEDED | 0.011s
D, [2022-09-26T23:01:09.530003 #10356] DEBUG -- : MONGODB | Server description for rocklov-db:27017 changed from 'standalone' to 'standalone'.
D, [2022-09-26T23:01:09.530376 #10356] DEBUG -- : MONGODB | There was a change in the members of the 'Single' topology.
D, [2022-09-26T23:01:09.531140 #10356] DEBUG -- : MONGODB | rocklov-db:27017 req:29 conn:1:2 sconn:51 | admin.endSessions | STARTED | {"endSessions"=>[{"id"=><BSON::Binary:0x4580 type=uuid data=0x79ef724f866c421c...>}], "$db"=>"admin"}
D, [2022-09-26T23:01:09.542461 #10356] DEBUG -- : MONGODB | rocklov-db:27017 req:29 | admin.endSessions | SUCCEEDED | 0.011s
D, [2022-10-01T20:38:39.770495 #10376] DEBUG -- : MONGODB | Topology type 'unknown' initializing.
D, [2022-10-01T20:38:39.882332 #10376] DEBUG -- : MONGODB | There was a change in the members of the 'Unknown' topology.
D, [2022-10-01T20:38:39.893361 #10376] DEBUG -- : MONGODB | Server rocklov-db:27017 initializing.
D, [2022-10-01T20:38:39.907561 #10376] DEBUG -- : MONGODB | Waiting for up to 30.00 seconds for servers to be scanned: #<Cluster topology=Unknown[rocklov-db:27017] servers=[#<Server address=rocklov-db:27017 UNKNOWN>]>
D, [2022-10-01T20:38:40.455895 #10376] DEBUG -- : MONGODB | Server description for rocklov-db:27017 changed from 'unknown' to 'standalone'.
D, [2022-10-01T20:38:40.459581 #10376] DEBUG -- : MONGODB | Topology type 'Unknown' changed to type 'Single'.
D, [2022-10-01T20:38:40.639704 #10376] DEBUG -- : MONGODB | Server description for rocklov-db:27017 changed from 'standalone' to 'standalone'.
D, [2022-10-01T20:38:40.640295 #10376] DEBUG -- : MONGODB | There was a change in the members of the 'Single' topology.
D, [2022-10-01T20:38:40.677072 #10376] DEBUG -- : MONGODB | rocklov-db:27017 req:7 conn:1:1 sconn:3 | rocklov.delete | STARTED | {"delete"=>"users", "ordered"=>true, "deletes"=>[{"q"=>{"email"=>"diogenes@yahoo.com"}, "limit"=>0}], "$db"=>"rocklov", "lsid"=>{"id"=><BSON::Binary:0x4560 type=uuid data=0xda68e6ff5d644c7b...>}}
D, [2022-10-01T20:38:40.692391 #10376] DEBUG -- : MONGODB | rocklov-db:27017 req:7 | rocklov.delete | SUCCEEDED | 0.013s
D, [2022-10-01T20:38:49.537844 #10376] DEBUG -- : MONGODB | Server description for rocklov-db:27017 changed from 'standalone' to 'standalone'.
D, [2022-10-01T20:38:49.541176 #10376] DEBUG -- : MONGODB | There was a change in the members of the 'Single' topology.
D, [2022-10-01T20:38:49.543023 #10376] DEBUG -- : MONGODB | rocklov-db:27017 req:9 conn:1:2 sconn:5 | admin.endSessions | STARTED | {"endSessions"=>[{"id"=><BSON::Binary:0x4560 type=uuid data=0xda68e6ff5d644c7b...>}], "$db"=>"admin"}
D, [2022-10-01T20:38:49.554830 #10376] DEBUG -- : MONGODB | rocklov-db:27017 req:9 | admin.endSessions | SUCCEEDED | 0.011s
D, [2022-10-01T22:46:39.944187 #6604] DEBUG -- : MONGODB | Topology type 'unknown' initializing.
D, [2022-10-01T22:46:39.969833 #6604] DEBUG -- : MONGODB | There was a change in the members of the 'Unknown' topology.
D, [2022-10-01T22:46:39.982050 #6604] DEBUG -- : MONGODB | Server rocklov-db:27017 initializing.
D, [2022-10-01T22:46:39.991718 #6604] DEBUG -- : MONGODB | Waiting for up to 30.00 seconds for servers to be scanned: #<Cluster topology=Unknown[rocklov-db:27017] servers=[#<Server address=rocklov-db:27017 UNKNOWN>]>
D, [2022-10-01T22:46:40.153394 #6604] DEBUG -- : MONGODB | Server description for rocklov-db:27017 changed from 'unknown' to 'standalone'.
D, [2022-10-01T22:46:40.157441 #6604] DEBUG -- : MONGODB | Topology type 'Unknown' changed to type 'Single'.
D, [2022-10-01T22:46:40.191753 #6604] DEBUG -- : MONGODB | Server description for rocklov-db:27017 changed from 'standalone' to 'standalone'.
D, [2022-10-01T22:46:40.192494 #6604] DEBUG -- : MONGODB | There was a change in the members of the 'Single' topology.
D, [2022-10-01T22:46:40.197820 #6604] DEBUG -- : MONGODB | rocklov-db:27017 req:7 conn:1:1 sconn:18 | rocklov.delete | STARTED | {"delete"=>"users", "ordered"=>true, "deletes"=>[{"q"=>{"email"=>"diogenes-email@hotmail.com"}, "limit"=>0}], "$db"=>"rocklov", "lsid"=>{"id"=><BSON::Binary:0x4580 type=uuid data=0x28230b3493a14a1a...>}}
D, [2022-10-01T22:46:40.211145 #6604] DEBUG -- : MONGODB | rocklov-db:27017 req:7 | rocklov.delete | SUCCEEDED | 0.013s
D, [2022-10-01T22:46:45.470654 #6604] DEBUG -- : MONGODB | Topology type 'unknown' initializing.
D, [2022-10-01T22:46:45.471637 #6604] DEBUG -- : MONGODB | There was a change in the members of the 'Unknown' topology.
D, [2022-10-01T22:46:45.472226 #6604] DEBUG -- : MONGODB | Server rocklov-db:27017 initializing.
D, [2022-10-01T22:46:45.472665 #6604] DEBUG -- : MONGODB | Waiting for up to 30.00 seconds for servers to be scanned: #<Cluster topology=Unknown[rocklov-db:27017] servers=[#<Server address=rocklov-db:27017 UNKNOWN>]>
D, [2022-10-01T22:46:45.528103 #6604] DEBUG -- : MONGODB | Server description for rocklov-db:27017 changed from 'unknown' to 'standalone'.
D, [2022-10-01T22:46:45.528672 #6604] DEBUG -- : MONGODB | Topology type 'Unknown' changed to type 'Single'.
D, [2022-10-01T22:46:45.600246 #6604] DEBUG -- : MONGODB | Server description for rocklov-db:27017 changed from 'standalone' to 'standalone'.
D, [2022-10-01T22:46:45.600951 #6604] DEBUG -- : MONGODB | There was a change in the members of the 'Single' topology.
D, [2022-10-01T22:46:45.602912 #6604] DEBUG -- : MONGODB | rocklov-db:27017 req:10 conn:1:1 sconn:20 | rocklov.delete | STARTED | {"delete"=>"users", "ordered"=>true, "deletes"=>[{"q"=>{"email"=>"diogenes-email@hotmail.com"}, "limit"=>0}], "$db"=>"rocklov", "lsid"=>{"id"=><BSON::Binary:0x4700 type=uuid data=0x82df2187e57544b3...>}}
D, [2022-10-01T22:46:45.614059 #6604] DEBUG -- : MONGODB | rocklov-db:27017 req:10 | rocklov.delete | SUCCEEDED | 0.011s
D, [2022-10-01T22:46:48.207913 #6604] DEBUG -- : MONGODB | Topology type 'unknown' initializing.
D, [2022-10-01T22:46:48.209347 #6604] DEBUG -- : MONGODB | There was a change in the members of the 'Unknown' topology.
D, [2022-10-01T22:46:48.209981 #6604] DEBUG -- : MONGODB | Server rocklov-db:27017 initializing.
D, [2022-10-01T22:46:48.211794 #6604] DEBUG -- : MONGODB | Waiting for up to 30.00 seconds for servers to be scanned: #<Cluster topology=Unknown[rocklov-db:27017] servers=[#<Server address=rocklov-db:27017 UNKNOWN>]>
D, [2022-10-01T22:46:48.228981 #6604] DEBUG -- : MONGODB | Server description for rocklov-db:27017 changed from 'unknown' to 'standalone'.
D, [2022-10-01T22:46:48.231528 #6604] DEBUG -- : MONGODB | Topology type 'Unknown' changed to type 'Single'.
D, [2022-10-01T22:46:48.253642 #6604] DEBUG -- : MONGODB | Server description for rocklov-db:27017 changed from 'standalone' to 'standalone'.
D, [2022-10-01T22:46:48.254114 #6604] DEBUG -- : MONGODB | There was a change in the members of the 'Single' topology.
D, [2022-10-01T22:46:48.255386 #6604] DEBUG -- : MONGODB | rocklov-db:27017 req:13 conn:1:1 sconn:22 | rocklov.delete | STARTED | {"delete"=>"users", "ordered"=>true, "deletes"=>[{"q"=>{"email"=>""}, "limit"=>0}], "$db"=>"rocklov", "lsid"=>{"id"=><BSON::Binary:0x5240 type=uuid data=0x40911ab1d7be4b20...>}}
D, [2022-10-01T22:46:48.268064 #6604] DEBUG -- : MONGODB | rocklov-db:27017 req:13 | rocklov.delete | SUCCEEDED | 0.012s
D, [2022-10-01T22:46:50.171223 #6604] DEBUG -- : MONGODB | Server description for rocklov-db:27017 changed from 'standalone' to 'standalone'.
D, [2022-10-01T22:46:50.172099 #6604] DEBUG -- : MONGODB | There was a change in the members of the 'Single' topology.
D, [2022-10-01T22:46:51.454761 #6604] DEBUG -- : MONGODB | Topology type 'unknown' initializing.
D, [2022-10-01T22:46:51.455996 #6604] DEBUG -- : MONGODB | There was a change in the members of the 'Unknown' topology.
D, [2022-10-01T22:46:51.456770 #6604] DEBUG -- : MONGODB | Server rocklov-db:27017 initializing.
D, [2022-10-01T22:46:51.457460 #6604] DEBUG -- : MONGODB | Waiting for up to 30.00 seconds for servers to be scanned: #<Cluster topology=Unknown[rocklov-db:27017] servers=[#<Server address=rocklov-db:27017 UNKNOWN>]>
D, [2022-10-01T22:46:51.477592 #6604] DEBUG -- : MONGODB | Server description for rocklov-db:27017 changed from 'unknown' to 'standalone'.
D, [2022-10-01T22:46:51.480773 #6604] DEBUG -- : MONGODB | Topology type 'Unknown' changed to type 'Single'.
D, [2022-10-01T22:46:51.519952 #6604] DEBUG -- : MONGODB | Server description for rocklov-db:27017 changed from 'standalone' to 'standalone'.
D, [2022-10-01T22:46:51.521352 #6604] DEBUG -- : MONGODB | There was a change in the members of the 'Single' topology.
D, [2022-10-01T22:46:51.523232 #6604] DEBUG -- : MONGODB | rocklov-db:27017 req:16 conn:1:1 sconn:24 | rocklov.delete | STARTED | {"delete"=>"users", "ordered"=>true, "deletes"=>[{"q"=>{"email"=>"diogenes-email*hotmail.com"}, "limit"=>0}], "$db"=>"rocklov", "lsid"=>{"id"=><BSON::Binary:0x5380 type=uuid data=0xaba6adaff3cf4bff...>}}
D, [2022-10-01T22:46:51.526377 #6604] DEBUG -- : MONGODB | rocklov-db:27017 req:16 | rocklov.delete | SUCCEEDED | 0.002s
D, [2022-10-01T22:46:55.533638 #6604] DEBUG -- : MONGODB | Server description for rocklov-db:27017 changed from 'standalone' to 'standalone'.
D, [2022-10-01T22:46:55.535244 #6604] DEBUG -- : MONGODB | There was a change in the members of the 'Single' topology.
D, [2022-10-01T22:46:56.843156 #6604] DEBUG -- : MONGODB | Topology type 'unknown' initializing.
D, [2022-10-01T22:46:56.844329 #6604] DEBUG -- : MONGODB | There was a change in the members of the 'Unknown' topology.
D, [2022-10-01T22:46:56.844931 #6604] DEBUG -- : MONGODB | Server rocklov-db:27017 initializing.
D, [2022-10-01T22:46:56.845934 #6604] DEBUG -- : MONGODB | Waiting for up to 30.00 seconds for servers to be scanned: #<Cluster topology=Unknown[rocklov-db:27017] servers=[#<Server address=rocklov-db:27017 UNKNOWN>]>
D, [2022-10-01T22:46:56.867287 #6604] DEBUG -- : MONGODB | Server description for rocklov-db:27017 changed from 'unknown' to 'standalone'.
D, [2022-10-01T22:46:56.867992 #6604] DEBUG -- : MONGODB | Topology type 'Unknown' changed to type 'Single'.
D, [2022-10-01T22:46:56.928684 #6604] DEBUG -- : MONGODB | Server description for rocklov-db:27017 changed from 'standalone' to 'standalone'.
D, [2022-10-01T22:46:56.929173 #6604] DEBUG -- : MONGODB | There was a change in the members of the 'Single' topology.
D, [2022-10-01T22:46:56.954503 #6604] DEBUG -- : MONGODB | rocklov-db:27017 req:19 conn:1:1 sconn:26 | rocklov.delete | STARTED | {"delete"=>"users", "ordered"=>true, "deletes"=>[{"q"=>{"email"=>"diogenes-email@hotmail.com"}, "limit"=>0}], "$db"=>"rocklov", "lsid"=>{"id"=><BSON::Binary:0x5520 type=uuid data=0x85ed39b9f7e2425d...>}}
D, [2022-10-01T22:46:57.044387 #6604] DEBUG -- : MONGODB | rocklov-db:27017 req:19 | rocklov.delete | SUCCEEDED | 0.084s
D, [2022-10-01T22:46:58.236600 #6604] DEBUG -- : MONGODB | Server description for rocklov-db:27017 changed from 'standalone' to 'standalone'.
D, [2022-10-01T22:46:58.237127 #6604] DEBUG -- : MONGODB | There was a change in the members of the 'Single' topology.
D, [2022-10-01T22:47:01.493180 #6604] DEBUG -- : MONGODB | Server description for rocklov-db:27017 changed from 'standalone' to 'standalone'.
D, [2022-10-01T22:47:01.494448 #6604] DEBUG -- : MONGODB | There was a change in the members of the 'Single' topology.
D, [2022-10-01T22:47:06.872836 #6604] DEBUG -- : MONGODB | Server description for rocklov-db:27017 changed from 'standalone' to 'standalone'.
D, [2022-10-01T22:47:06.873737 #6604] DEBUG -- : MONGODB | There was a change in the members of the 'Single' topology.
D, [2022-10-01T22:47:18.987304 #6604] DEBUG -- : MONGODB | Server description for rocklov-db:27017 changed from 'standalone' to 'standalone'.
D, [2022-10-01T22:47:18.989142 #6604] DEBUG -- : MONGODB | There was a change in the members of the 'Single' topology.
D, [2022-10-01T22:47:18.994510 #6604] DEBUG -- : MONGODB | rocklov-db:27017 req:21 conn:1:2 sconn:27 | admin.endSessions | STARTED | {"endSessions"=>[{"id"=><BSON::Binary:0x5520 type=uuid data=0x85ed39b9f7e2425d...>}], "$db"=>"admin"}
D, [2022-10-01T22:47:19.008104 #6604] DEBUG -- : MONGODB | rocklov-db:27017 req:21 | admin.endSessions | SUCCEEDED | 0.013s
D, [2022-10-01T22:47:19.034486 #6604] DEBUG -- : MONGODB | Server description for rocklov-db:27017 changed from 'standalone' to 'standalone'.
D, [2022-10-01T22:47:19.034956 #6604] DEBUG -- : MONGODB | There was a change in the members of the 'Single' topology.
D, [2022-10-01T22:47:19.035780 #6604] DEBUG -- : MONGODB | rocklov-db:27017 req:23 conn:1:2 sconn:28 | admin.endSessions | STARTED | {"endSessions"=>[{"id"=><BSON::Binary:0x5380 type=uuid data=0xaba6adaff3cf4bff...>}], "$db"=>"admin"}
D, [2022-10-01T22:47:19.058978 #6604] DEBUG -- : MONGODB | rocklov-db:27017 req:23 | admin.endSessions | SUCCEEDED | 0.023s
D, [2022-10-01T22:47:19.080786 #6604] DEBUG -- : MONGODB | Server description for rocklov-db:27017 changed from 'standalone' to 'standalone'.
D, [2022-10-01T22:47:19.081220 #6604] DEBUG -- : MONGODB | There was a change in the members of the 'Single' topology.
D, [2022-10-01T22:47:19.082104 #6604] DEBUG -- : MONGODB | rocklov-db:27017 req:25 conn:1:2 sconn:29 | admin.endSessions | STARTED | {"endSessions"=>[{"id"=><BSON::Binary:0x5240 type=uuid data=0x40911ab1d7be4b20...>}], "$db"=>"admin"}
D, [2022-10-01T22:47:19.094911 #6604] DEBUG -- : MONGODB | rocklov-db:27017 req:25 | admin.endSessions | SUCCEEDED | 0.012s
D, [2022-10-01T22:47:19.120307 #6604] DEBUG -- : MONGODB | Server description for rocklov-db:27017 changed from 'standalone' to 'standalone'.
D, [2022-10-01T22:47:19.120775 #6604] DEBUG -- : MONGODB | There was a change in the members of the 'Single' topology.
D, [2022-10-01T22:47:19.121581 #6604] DEBUG -- : MONGODB | rocklov-db:27017 req:27 conn:1:2 sconn:30 | admin.endSessions | STARTED | {"endSessions"=>[{"id"=><BSON::Binary:0x4700 type=uuid data=0x82df2187e57544b3...>}], "$db"=>"admin"}
D, [2022-10-01T22:47:19.123219 #6604] DEBUG -- : MONGODB | rocklov-db:27017 req:27 | admin.endSessions | SUCCEEDED | 0.001s
D, [2022-10-01T22:47:19.136136 #6604] DEBUG -- : MONGODB | Server description for rocklov-db:27017 changed from 'standalone' to 'standalone'.
D, [2022-10-01T22:47:19.136574 #6604] DEBUG -- : MONGODB | There was a change in the members of the 'Single' topology.
D, [2022-10-01T22:47:19.137361 #6604] DEBUG -- : MONGODB | rocklov-db:27017 req:29 conn:1:2 sconn:31 | admin.endSessions | STARTED | {"endSessions"=>[{"id"=><BSON::Binary:0x4580 type=uuid data=0x28230b3493a14a1a...>}], "$db"=>"admin"}
D, [2022-10-01T22:47:19.149787 #6604] DEBUG -- : MONGODB | rocklov-db:27017 req:29 | admin.endSessions | SUCCEEDED | 0.012s
D, [2022-10-06T23:00:11.704588 #940] DEBUG -- : MONGODB | Topology type 'unknown' initializing.
D, [2022-10-06T23:00:11.807060 #940] DEBUG -- : MONGODB | There was a change in the members of the 'Unknown' topology.
D, [2022-10-06T23:00:11.824397 #940] DEBUG -- : MONGODB | Server rocklov-db:27017 initializing.
D, [2022-10-06T23:00:11.840428 #940] DEBUG -- : MONGODB | Waiting for up to 30.00 seconds for servers to be scanned: #<Cluster topology=Unknown[rocklov-db:27017] servers=[#<Server address=rocklov-db:27017 UNKNOWN>]>
D, [2022-10-06T23:00:12.000888 #940] DEBUG -- : MONGODB | Server description for rocklov-db:27017 changed from 'unknown' to 'standalone'.
D, [2022-10-06T23:00:12.023710 #940] DEBUG -- : MONGODB | Topology type 'Unknown' changed to type 'Single'.
D, [2022-10-06T23:00:12.077502 #940] DEBUG -- : MONGODB | Server description for rocklov-db:27017 changed from 'standalone' to 'standalone'.
D, [2022-10-06T23:00:12.078273 #940] DEBUG -- : MONGODB | There was a change in the members of the 'Single' topology.
D, [2022-10-06T23:00:12.092514 #940] DEBUG -- : MONGODB | rocklov-db:27017 req:7 conn:1:1 sconn:6 | rocklov.delete | STARTED | {"delete"=>"users", "ordered"=>true, "deletes"=>[{"q"=>{"email"=>"diogenes-email@hotmail.com"}, "limit"=>0}], "$db"=>"rocklov", "lsid"=>{"id"=><BSON::Binary:0x4580 type=uuid data=0x3d948944b3234cab...>}}
D, [2022-10-06T23:00:12.108374 #940] DEBUG -- : MONGODB | rocklov-db:27017 req:7 | rocklov.delete | SUCCEEDED | 0.014s
D, [2022-10-06T23:00:18.575398 #940] DEBUG -- : MONGODB | Topology type 'unknown' initializing.
D, [2022-10-06T23:00:18.577084 #940] DEBUG -- : MONGODB | There was a change in the members of the 'Unknown' topology.
D, [2022-10-06T23:00:18.577666 #940] DEBUG -- : MONGODB | Server rocklov-db:27017 initializing.
D, [2022-10-06T23:00:18.578316 #940] DEBUG -- : MONGODB | Waiting for up to 30.00 seconds for servers to be scanned: #<Cluster topology=Unknown[rocklov-db:27017] servers=[#<Server address=rocklov-db:27017 UNKNOWN>]>
D, [2022-10-06T23:00:18.605150 #940] DEBUG -- : MONGODB | Server description for rocklov-db:27017 changed from 'unknown' to 'standalone'.
D, [2022-10-06T23:00:18.605858 #940] DEBUG -- : MONGODB | Topology type 'Unknown' changed to type 'Single'.
D, [2022-10-06T23:00:18.626433 #940] DEBUG -- : MONGODB | Server description for rocklov-db:27017 changed from 'standalone' to 'standalone'.
D, [2022-10-06T23:00:18.627070 #940] DEBUG -- : MONGODB | There was a change in the members of the 'Single' topology.
D, [2022-10-06T23:00:18.629039 #940] DEBUG -- : MONGODB | rocklov-db:27017 req:10 conn:1:1 sconn:8 | rocklov.delete | STARTED | {"delete"=>"users", "ordered"=>true, "deletes"=>[{"q"=>{"email"=>"diogenes-email@hotmail.com"}, "limit"=>0}], "$db"=>"rocklov", "lsid"=>{"id"=><BSON::Binary:0x4700 type=uuid data=0x3e3f590151c94546...>}}
D, [2022-10-06T23:00:18.634550 #940] DEBUG -- : MONGODB | rocklov-db:27017 req:10 | rocklov.delete | SUCCEEDED | 0.005s
D, [2022-10-06T23:00:22.062870 #940] DEBUG -- : MONGODB | Server description for rocklov-db:27017 changed from 'standalone' to 'standalone'.
D, [2022-10-06T23:00:22.063552 #940] DEBUG -- : MONGODB | There was a change in the members of the 'Single' topology.
D, [2022-10-06T23:00:23.454510 #940] DEBUG -- : MONGODB | Topology type 'unknown' initializing.
D, [2022-10-06T23:00:23.467967 #940] DEBUG -- : MONGODB | There was a change in the members of the 'Unknown' topology.
D, [2022-10-06T23:00:23.468862 #940] DEBUG -- : MONGODB | Server rocklov-db:27017 initializing.
D, [2022-10-06T23:00:23.469580 #940] DEBUG -- : MONGODB | Waiting for up to 30.00 seconds for servers to be scanned: #<Cluster topology=Unknown[rocklov-db:27017] servers=[#<Server address=rocklov-db:27017 UNKNOWN>]>
D, [2022-10-06T23:00:23.504060 #940] DEBUG -- : MONGODB | Server description for rocklov-db:27017 changed from 'unknown' to 'standalone'.
D, [2022-10-06T23:00:23.510652 #940] DEBUG -- : MONGODB | Topology type 'Unknown' changed to type 'Single'.
D, [2022-10-06T23:00:23.534502 #940] DEBUG -- : MONGODB | Server description for rocklov-db:27017 changed from 'standalone' to 'standalone'.
D, [2022-10-06T23:00:23.535608 #940] DEBUG -- : MONGODB | There was a change in the members of the 'Single' topology.
D, [2022-10-06T23:00:23.537986 #940] DEBUG -- : MONGODB | rocklov-db:27017 req:13 conn:1:1 sconn:10 | rocklov.delete | STARTED | {"delete"=>"users", "ordered"=>true, "deletes"=>[{"q"=>{"email"=>""}, "limit"=>0}], "$db"=>"rocklov", "lsid"=>{"id"=><BSON::Binary:0x5260 type=uuid data=0x021395e1307b4b6a...>}}
D, [2022-10-06T23:00:23.540816 #940] DEBUG -- : MONGODB | rocklov-db:27017 req:13 | rocklov.delete | SUCCEEDED | 0.002s
D, [2022-10-06T23:00:28.161160 #940] DEBUG -- : MONGODB | Topology type 'unknown' initializing.
D, [2022-10-06T23:00:28.163593 #940] DEBUG -- : MONGODB | There was a change in the members of the 'Unknown' topology.
D, [2022-10-06T23:00:28.164196 #940] DEBUG -- : MONGODB | Server rocklov-db:27017 initializing.
D, [2022-10-06T23:00:28.165304 #940] DEBUG -- : MONGODB | Waiting for up to 30.00 seconds for servers to be scanned: #<Cluster topology=Unknown[rocklov-db:27017] servers=[#<Server address=rocklov-db:27017 UNKNOWN>]>
D, [2022-10-06T23:00:28.194135 #940] DEBUG -- : MONGODB | Server description for rocklov-db:27017 changed from 'unknown' to 'standalone'.
D, [2022-10-06T23:00:28.194939 #940] DEBUG -- : MONGODB | Topology type 'Unknown' changed to type 'Single'.
D, [2022-10-06T23:00:28.219176 #940] DEBUG -- : MONGODB | Server description for rocklov-db:27017 changed from 'standalone' to 'standalone'.
D, [2022-10-06T23:00:28.220232 #940] DEBUG -- : MONGODB | There was a change in the members of the 'Single' topology.
D, [2022-10-06T23:00:28.221880 #940] DEBUG -- : MONGODB | rocklov-db:27017 req:16 conn:1:1 sconn:12 | rocklov.delete | STARTED | {"delete"=>"users", "ordered"=>true, "deletes"=>[{"q"=>{"email"=>"diogenes-email*hotmail.com"}, "limit"=>0}], "$db"=>"rocklov", "lsid"=>{"id"=><BSON::Binary:0x5380 type=uuid data=0x1cb38067422746f1...>}}
D, [2022-10-06T23:00:28.227369 #940] DEBUG -- : MONGODB | rocklov-db:27017 req:16 | rocklov.delete | SUCCEEDED | 0.005s
D, [2022-10-06T23:00:28.631945 #940] DEBUG -- : MONGODB | Server description for rocklov-db:27017 changed from 'standalone' to 'standalone'.
D, [2022-10-06T23:00:28.633976 #940] DEBUG -- : MONGODB | There was a change in the members of the 'Single' topology.
D, [2022-10-06T23:00:33.522705 #940] DEBUG -- : MONGODB | Server description for rocklov-db:27017 changed from 'standalone' to 'standalone'.
D, [2022-10-06T23:00:33.524631 #940] DEBUG -- : MONGODB | There was a change in the members of the 'Single' topology.
D, [2022-10-06T23:00:38.232854 #940] DEBUG -- : MONGODB | Server description for rocklov-db:27017 changed from 'standalone' to 'standalone'.
D, [2022-10-06T23:00:38.353245 #940] DEBUG -- : MONGODB | There was a change in the members of the 'Single' topology.
D, [2022-10-06T23:00:38.422846 #940] DEBUG -- : MONGODB | Topology type 'unknown' initializing.
D, [2022-10-06T23:00:38.440531 #940] DEBUG -- : MONGODB | There was a change in the members of the 'Unknown' topology.
D, [2022-10-06T23:00:38.452577 #940] DEBUG -- : MONGODB | Server rocklov-db:27017 initializing.
D, [2022-10-06T23:00:38.468598 #940] DEBUG -- : MONGODB | Waiting for up to 29.99 seconds for servers to be scanned: #<Cluster topology=Unknown[rocklov-db:27017] servers=[#<Server address=rocklov-db:27017 UNKNOWN>]>
D, [2022-10-06T23:00:38.529078 #940] DEBUG -- : MONGODB | Server description for rocklov-db:27017 changed from 'unknown' to 'standalone'.
D, [2022-10-06T23:00:38.530069 #940] DEBUG -- : MONGODB | Topology type 'Unknown' changed to type 'Single'.
D, [2022-10-06T23:00:38.561547 #940] DEBUG -- : MONGODB | Server description for rocklov-db:27017 changed from 'standalone' to 'standalone'.
D, [2022-10-06T23:00:38.563277 #940] DEBUG -- : MONGODB | There was a change in the members of the 'Single' topology.
D, [2022-10-06T23:00:38.565491 #940] DEBUG -- : MONGODB | rocklov-db:27017 req:19 conn:1:1 sconn:14 | rocklov.delete | STARTED | {"delete"=>"users", "ordered"=>true, "deletes"=>[{"q"=>{"email"=>"diogenes-email@hotmail.com"}, "limit"=>0}], "$db"=>"rocklov", "lsid"=>{"id"=><BSON::Binary:0x5580 type=uuid data=0xe584e59675e74d99...>}}
D, [2022-10-06T23:00:38.579704 #940] DEBUG -- : MONGODB | rocklov-db:27017 req:19 | rocklov.delete | SUCCEEDED | 0.013s
D, [2022-10-06T23:00:48.558019 #940] DEBUG -- : MONGODB | Server description for rocklov-db:27017 changed from 'standalone' to 'standalone'.
D, [2022-10-06T23:00:48.584052 #940] DEBUG -- : MONGODB | There was a change in the members of the 'Single' topology.
D, [2022-10-06T23:01:06.533112 #940] DEBUG -- : MONGODB | Server description for rocklov-db:27017 changed from 'standalone' to 'standalone'.
D, [2022-10-06T23:01:06.543011 #940] DEBUG -- : MONGODB | There was a change in the members of the 'Single' topology.
D, [2022-10-06T23:01:06.560032 #940] DEBUG -- : MONGODB | rocklov-db:27017 req:21 conn:1:2 sconn:15 | admin.endSessions | STARTED | {"endSessions"=>[{"id"=><BSON::Binary:0x5580 type=uuid data=0xe584e59675e74d99...>}], "$db"=>"admin"}
D, [2022-10-06T23:01:06.572934 #940] DEBUG -- : MONGODB | rocklov-db:27017 req:21 | admin.endSessions | SUCCEEDED | 0.012s
D, [2022-10-06T23:01:06.600562 #940] DEBUG -- : MONGODB | Server description for rocklov-db:27017 changed from 'standalone' to 'standalone'.
D, [2022-10-06T23:01:06.600957 #940] DEBUG -- : MONGODB | There was a change in the members of the 'Single' topology.
D, [2022-10-06T23:01:06.601803 #940] DEBUG -- : MONGODB | rocklov-db:27017 req:23 conn:1:2 sconn:16 | admin.endSessions | STARTED | {"endSessions"=>[{"id"=><BSON::Binary:0x5380 type=uuid data=0x1cb38067422746f1...>}], "$db"=>"admin"}
D, [2022-10-06T23:01:06.603688 #940] DEBUG -- : MONGODB | rocklov-db:27017 req:23 | admin.endSessions | SUCCEEDED | 0.001s
D, [2022-10-06T23:01:06.630217 #940] DEBUG -- : MONGODB | Server description for rocklov-db:27017 changed from 'standalone' to 'standalone'.
D, [2022-10-06T23:01:06.630715 #940] DEBUG -- : MONGODB | There was a change in the members of the 'Single' topology.
D, [2022-10-06T23:01:06.632819 #940] DEBUG -- : MONGODB | rocklov-db:27017 req:25 conn:1:2 sconn:17 | admin.endSessions | STARTED | {"endSessions"=>[{"id"=><BSON::Binary:0x5260 type=uuid data=0x021395e1307b4b6a...>}], "$db"=>"admin"}
D, [2022-10-06T23:01:06.634885 #940] DEBUG -- : MONGODB | rocklov-db:27017 req:25 | admin.endSessions | SUCCEEDED | 0.002s
D, [2022-10-06T23:01:06.659201 #940] DEBUG -- : MONGODB | Server description for rocklov-db:27017 changed from 'standalone' to 'standalone'.
D, [2022-10-06T23:01:06.659617 #940] DEBUG -- : MONGODB | There was a change in the members of the 'Single' topology.
D, [2022-10-06T23:01:06.660513 #940] DEBUG -- : MONGODB | rocklov-db:27017 req:27 conn:1:2 sconn:18 | admin.endSessions | STARTED | {"endSessions"=>[{"id"=><BSON::Binary:0x4700 type=uuid data=0x3e3f590151c94546...>}], "$db"=>"admin"}
D, [2022-10-06T23:01:06.672599 #940] DEBUG -- : MONGODB | rocklov-db:27017 req:27 | admin.endSessions | SUCCEEDED | 0.012s
D, [2022-10-06T23:01:06.695501 #940] DEBUG -- : MONGODB | Server description for rocklov-db:27017 changed from 'standalone' to 'standalone'.
D, [2022-10-06T23:01:06.696033 #940] DEBUG -- : MONGODB | There was a change in the members of the 'Single' topology.
D, [2022-10-06T23:01:06.697050 #940] DEBUG -- : MONGODB | rocklov-db:27017 req:29 conn:1:2 sconn:19 | admin.endSessions | STARTED | {"endSessions"=>[{"id"=><BSON::Binary:0x4580 type=uuid data=0x3d948944b3234cab...>}], "$db"=>"admin"}
D, [2022-10-06T23:01:06.709698 #940] DEBUG -- : MONGODB | rocklov-db:27017 req:29 | admin.endSessions | SUCCEEDED | 0.012s
D, [2022-10-23T22:34:48.538101 #4848] DEBUG -- : MONGODB | Topology type 'unknown' initializing.
D, [2022-10-23T22:34:48.546749 #4848] DEBUG -- : MONGODB | There was a change in the members of the 'Unknown' topology.
D, [2022-10-23T22:34:48.548255 #4848] DEBUG -- : MONGODB | Server rocklov-db:27017 initializing.
D, [2022-10-23T22:34:48.550095 #4848] DEBUG -- : MONGODB | Waiting for up to 30.00 seconds for servers to be scanned: #<Cluster topology=Unknown[rocklov-db:27017] servers=[#<Server address=rocklov-db:27017 UNKNOWN>]>
D, [2022-10-23T22:34:48.589500 #4848] DEBUG -- : MONGODB | Server description for rocklov-db:27017 changed from 'unknown' to 'standalone'.
D, [2022-10-23T22:34:48.590343 #4848] DEBUG -- : MONGODB | Topology type 'Unknown' changed to type 'Single'.
D, [2022-10-23T22:34:48.614968 #4848] DEBUG -- : MONGODB | Server description for rocklov-db:27017 changed from 'standalone' to 'standalone'.
D, [2022-10-23T22:34:48.615415 #4848] DEBUG -- : MONGODB | There was a change in the members of the 'Single' topology.
D, [2022-10-23T22:34:48.618429 #4848] DEBUG -- : MONGODB | rocklov-db:27017 req:7 conn:1:1 sconn:5 | rocklov.delete | STARTED | {"delete"=>"equipos", "ordered"=>true, "deletes"=>[{"q"=>{"name"=>"Fender Strato"}, "limit"=>0}], "$db"=>"rocklov", "lsid"=>{"id"=><BSON::Binary:0x4560 type=uuid data=0xb5e97e59f212410f...>}}
D, [2022-10-23T22:34:48.630802 #4848] DEBUG -- : MONGODB | rocklov-db:27017 req:7 | rocklov.delete | SUCCEEDED | 0.012s
D, [2022-10-23T22:34:50.457480 #4848] DEBUG -- : MONGODB | Server description for rocklov-db:27017 changed from 'standalone' to 'standalone'.
D, [2022-10-23T22:34:50.457992 #4848] DEBUG -- : MONGODB | There was a change in the members of the 'Single' topology.
D, [2022-10-23T22:34:50.458924 #4848] DEBUG -- : MONGODB | rocklov-db:27017 req:9 conn:1:2 sconn:6 | admin.endSessions | STARTED | {"endSessions"=>[{"id"=><BSON::Binary:0x4560 type=uuid data=0xb5e97e59f212410f...>}], "$db"=>"admin"}
D, [2022-10-23T22:34:50.470293 #4848] DEBUG -- : MONGODB | rocklov-db:27017 req:9 | admin.endSessions | SUCCEEDED | 0.011s
D, [2022-10-23T23:02:42.774539 #4520] DEBUG -- : MONGODB | Topology type 'unknown' initializing.
D, [2022-10-23T23:02:42.786442 #4520] DEBUG -- : MONGODB | There was a change in the members of the 'Unknown' topology.
D, [2022-10-23T23:02:42.788481 #4520] DEBUG -- : MONGODB | Server rocklov-db:27017 initializing.
D, [2022-10-23T23:02:42.790583 #4520] DEBUG -- : MONGODB | Waiting for up to 30.00 seconds for servers to be scanned: #<Cluster topology=Unknown[rocklov-db:27017] servers=[#<Server address=rocklov-db:27017 UNKNOWN>]>
D, [2022-10-23T23:02:42.895515 #4520] DEBUG -- : MONGODB | Server description for rocklov-db:27017 changed from 'unknown' to 'standalone'.
D, [2022-10-23T23:02:42.896621 #4520] DEBUG -- : MONGODB | Topology type 'Unknown' changed to type 'Single'.
D, [2022-10-23T23:07:18.971878 #7660] DEBUG -- : MONGODB | Topology type 'unknown' initializing.
D, [2022-10-23T23:07:18.981977 #7660] DEBUG -- : MONGODB | There was a change in the members of the 'Unknown' topology.
D, [2022-10-23T23:07:18.985623 #7660] DEBUG -- : MONGODB | Server rocklov-db:27017 initializing.
D, [2022-10-23T23:07:18.998850 #7660] DEBUG -- : MONGODB | Waiting for up to 29.99 seconds for servers to be scanned: #<Cluster topology=Unknown[rocklov-db:27017] servers=[#<Server address=rocklov-db:27017 UNKNOWN>]>
D, [2022-10-23T23:07:19.034412 #7660] DEBUG -- : MONGODB | Server description for rocklov-db:27017 changed from 'unknown' to 'standalone'.
D, [2022-10-23T23:07:19.036696 #7660] DEBUG -- : MONGODB | Topology type 'Unknown' changed to type 'Single'.
D, [2022-10-23T23:07:19.061365 #7660] DEBUG -- : MONGODB | Server description for rocklov-db:27017 changed from 'standalone' to 'standalone'.
D, [2022-10-23T23:07:19.061788 #7660] DEBUG -- : MONGODB | There was a change in the members of the 'Single' topology.
D, [2022-10-23T23:07:19.115738 #7660] DEBUG -- : MONGODB | rocklov-db:27017 req:7 conn:1:1 sconn:10 | rocklov.delete | STARTED | {"delete"=>"users", "ordered"=>true, "deletes"=>[{"q"=>{"email"=>"snow@hotmail.com"}, "limit"=>0}], "$db"=>"rocklov", "lsid"=>{"id"=><BSON::Binary:0x4560 type=uuid data=0x8e6cb23e3acb4125...>}}
D, [2022-10-23T23:07:19.127732 #7660] DEBUG -- : MONGODB | rocklov-db:27017 req:7 | rocklov.delete | SUCCEEDED | 0.011s
D, [2022-10-23T23:07:21.307495 #7660] DEBUG -- : MONGODB | Server description for rocklov-db:27017 changed from 'standalone' to 'standalone'.
D, [2022-10-23T23:07:21.307980 #7660] DEBUG -- : MONGODB | There was a change in the members of the 'Single' topology.
D, [2022-10-23T23:07:21.309305 #7660] DEBUG -- : MONGODB | rocklov-db:27017 req:9 conn:1:2 sconn:11 | admin.endSessions | STARTED | {"endSessions"=>[{"id"=><BSON::Binary:0x4560 type=uuid data=0x8e6cb23e3acb4125...>}], "$db"=>"admin"}
D, [2022-10-23T23:07:21.320656 #7660] DEBUG -- : MONGODB | rocklov-db:27017 req:9 | admin.endSessions | SUCCEEDED | 0.011s
D, [2022-10-24T21:26:32.938847 #5212] DEBUG -- : MONGODB | Topology type 'unknown' initializing.
D, [2022-10-24T21:26:33.015634 #5212] DEBUG -- : MONGODB | There was a change in the members of the 'Unknown' topology.
D, [2022-10-24T21:26:33.026444 #5212] DEBUG -- : MONGODB | Server rocklov-db:27017 initializing.
D, [2022-10-24T21:26:33.036221 #5212] DEBUG -- : MONGODB | Waiting for up to 30.00 seconds for servers to be scanned: #<Cluster topology=Unknown[rocklov-db:27017] servers=[#<Server address=rocklov-db:27017 UNKNOWN>]>
D, [2022-10-24T21:26:33.400587 #5212] DEBUG -- : MONGODB | Server description for rocklov-db:27017 changed from 'unknown' to 'standalone'.
D, [2022-10-24T21:26:33.409935 #5212] DEBUG -- : MONGODB | Topology type 'Unknown' changed to type 'Single'.
D, [2022-10-24T21:26:33.504360 #5212] DEBUG -- : MONGODB | Server description for rocklov-db:27017 changed from 'standalone' to 'standalone'.
D, [2022-10-24T21:26:33.505115 #5212] DEBUG -- : MONGODB | There was a change in the members of the 'Single' topology.
D, [2022-10-24T21:26:33.557660 #5212] DEBUG -- : MONGODB | rocklov-db:27017 req:7 conn:1:1 sconn:10 | rocklov.find | STARTED | {"find"=>"users", "filter"=>{"email"=>"snow@hotmail.com"}, "$db"=>"rocklov", "lsid"=>{"id"=><BSON::Binary:0x4560 type=uuid data=0x2f26fd64e33c40d1...>}}
D, [2022-10-24T21:26:33.569165 #5212] DEBUG -- : MONGODB | rocklov-db:27017 req:7 | rocklov.find | SUCCEEDED | 0.009s
D, [2022-10-24T21:26:33.578793 #5212] DEBUG -- : MONGODB | Topology type 'unknown' initializing.
D, [2022-10-24T21:26:33.586716 #5212] DEBUG -- : MONGODB | There was a change in the members of the 'Unknown' topology.
D, [2022-10-24T21:26:33.587393 #5212] DEBUG -- : MONGODB | Server rocklov-db:27017 initializing.
D, [2022-10-24T21:26:33.589249 #5212] DEBUG -- : MONGODB | Waiting for up to 30.00 seconds for servers to be scanned: #<Cluster topology=Unknown[rocklov-db:27017] servers=[#<Server address=rocklov-db:27017 UNKNOWN>]>
D, [2022-10-24T21:26:33.625433 #5212] DEBUG -- : MONGODB | Server description for rocklov-db:27017 changed from 'unknown' to 'standalone'.
D, [2022-10-24T21:26:33.626228 #5212] DEBUG -- : MONGODB | Topology type 'Unknown' changed to type 'Single'.
D, [2022-10-24T21:26:33.662652 #5212] DEBUG -- : MONGODB | Server description for rocklov-db:27017 changed from 'standalone' to 'standalone'.
D, [2022-10-24T21:26:33.664557 #5212] DEBUG -- : MONGODB | There was a change in the members of the 'Single' topology.
D, [2022-10-24T21:26:33.685584 #5212] DEBUG -- : MONGODB | rocklov-db:27017 req:10 conn:1:1 sconn:12 | rocklov.delete | STARTED | {"delete"=>"equipos", "ordered"=>true, "deletes"=>[{"q"=>{"name"=>"Fender Strato", "user"=>BSON::ObjectId('63572cbf7ed3ad00270bd41f')}, "limit"=>0}], "$db"=>"rocklov", "lsid"=>{"id"=><BSON::Binary:0x4680 type=uuid data=0x58c33c9960d943ab...>}}
D, [2022-10-24T21:26:33.699690 #5212] DEBUG -- : MONGODB | rocklov-db:27017 req:10 | rocklov.delete | SUCCEEDED | 0.012s
D, [2022-10-24T21:26:43.240032 #5212] DEBUG -- : MONGODB | Server description for rocklov-db:27017 changed from 'standalone' to 'standalone'.
D, [2022-10-24T21:26:43.243238 #5212] DEBUG -- : MONGODB | There was a change in the members of the 'Single' topology.
D, [2022-10-24T21:26:43.245634 #5212] DEBUG -- : MONGODB | rocklov-db:27017 req:12 conn:1:2 sconn:13 | admin.endSessions | STARTED | {"endSessions"=>[{"id"=><BSON::Binary:0x4680 type=uuid data=0x58c33c9960d943ab...>}], "$db"=>"admin"}
D, [2022-10-24T21:26:43.257891 #5212] DEBUG -- : MONGODB | rocklov-db:27017 req:12 | admin.endSessions | SUCCEEDED | 0.012s
D, [2022-10-24T21:26:43.281409 #5212] DEBUG -- : MONGODB | Server description for rocklov-db:27017 changed from 'standalone' to 'standalone'.
D, [2022-10-24T21:26:43.281815 #5212] DEBUG -- : MONGODB | There was a change in the members of the 'Single' topology.
D, [2022-10-24T21:26:43.282609 #5212] DEBUG -- : MONGODB | rocklov-db:27017 req:14 conn:1:2 sconn:14 | admin.endSessions | STARTED | {"endSessions"=>[{"id"=><BSON::Binary:0x4560 type=uuid data=0x2f26fd64e33c40d1...>}], "$db"=>"admin"}
D, [2022-10-24T21:26:43.294309 #5212] DEBUG -- : MONGODB | rocklov-db:27017 req:14 | admin.endSessions | SUCCEEDED | 0.011s
D, [2022-11-02T20:37:31.997915 #8812] DEBUG -- : MONGODB | Topology type 'unknown' initializing.
D, [2022-11-02T20:37:32.031955 #8812] DEBUG -- : MONGODB | There was a change in the members of the 'Unknown' topology.
D, [2022-11-02T20:37:32.033144 #8812] DEBUG -- : MONGODB | Server rocklov-db:27017 initializing.
D, [2022-11-02T20:37:32.035398 #8812] DEBUG -- : MONGODB | Waiting for up to 30.00 seconds for servers to be scanned: #<Cluster topology=Unknown[rocklov-db:27017] servers=[#<Server address=rocklov-db:27017 UNKNOWN>]>
D, [2022-11-02T20:37:32.159024 #8812] DEBUG -- : MONGODB | Server description for rocklov-db:27017 changed from 'unknown' to 'standalone'.
D, [2022-11-02T20:37:32.160848 #8812] DEBUG -- : MONGODB | Topology type 'Unknown' changed to type 'Single'.
D, [2022-11-02T20:41:59.944869 #6552] DEBUG -- : MONGODB | Topology type 'unknown' initializing.
D, [2022-11-02T20:41:59.964358 #6552] DEBUG -- : MONGODB | There was a change in the members of the 'Unknown' topology.
D, [2022-11-02T20:41:59.967424 #6552] DEBUG -- : MONGODB | Server rocklov-db:27017 initializing.
D, [2022-11-02T20:41:59.969963 #6552] DEBUG -- : MONGODB | Waiting for up to 30.00 seconds for servers to be scanned: #<Cluster topology=Unknown[rocklov-db:27017] servers=[#<Server address=rocklov-db:27017 UNKNOWN>]>
D, [2022-11-02T20:42:00.255422 #6552] DEBUG -- : MONGODB | Server description for rocklov-db:27017 changed from 'unknown' to 'standalone'.
D, [2022-11-02T20:42:00.260881 #6552] DEBUG -- : MONGODB | Topology type 'Unknown' changed to type 'Single'.
D, [2022-11-02T20:42:00.322941 #6552] DEBUG -- : MONGODB | Server description for rocklov-db:27017 changed from 'standalone' to 'standalone'.
D, [2022-11-02T20:42:00.323542 #6552] DEBUG -- : MONGODB | There was a change in the members of the 'Single' topology.
D, [2022-11-02T20:42:00.337697 #6552] DEBUG -- : MONGODB | rocklov-db:27017 req:7 conn:1:1 sconn:5 | rocklov.delete | STARTED | {"delete"=>"users", "ordered"=>true, "deletes"=>[{"q"=>{"email"=>"diogenes-email@hotmail.com"}, "limit"=>0}], "$db"=>"rocklov", "lsid"=>{"id"=><BSON::Binary:0x4560 type=uuid data=0x4ad6a483d8594165...>}}
D, [2022-11-02T20:42:00.344923 #6552] DEBUG -- : MONGODB | rocklov-db:27017 req:7 | rocklov.delete | SUCCEEDED | 0.004s
D, [2022-11-02T20:42:07.757146 #6552] DEBUG -- : MONGODB | Server description for rocklov-db:27017 changed from 'standalone' to 'standalone'.
D, [2022-11-02T20:42:07.759080 #6552] DEBUG -- : MONGODB | There was a change in the members of the 'Single' topology.
D, [2022-11-02T20:42:07.760581 #6552] DEBUG -- : MONGODB | rocklov-db:27017 req:9 conn:1:2 sconn:6 | admin.endSessions | STARTED | {"endSessions"=>[{"id"=><BSON::Binary:0x4560 type=uuid data=0x4ad6a483d8594165...>}], "$db"=>"admin"}
D, [2022-11-02T20:42:07.772578 #6552] DEBUG -- : MONGODB | rocklov-db:27017 req:9 | admin.endSessions | SUCCEEDED | 0.012s
D, [2022-11-02T20:43:18.306370 #760] DEBUG -- : MONGODB | Topology type 'unknown' initializing.
D, [2022-11-02T20:43:18.316509 #760] DEBUG -- : MONGODB | There was a change in the members of the 'Unknown' topology.
D, [2022-11-02T20:43:18.362422 #760] DEBUG -- : MONGODB | Server rocklov-db:27017 initializing.
D, [2022-11-02T20:43:18.366163 #760] DEBUG -- : MONGODB | Waiting for up to 29.95 seconds for servers to be scanned: #<Cluster topology=Unknown[rocklov-db:27017] servers=[#<Server address=rocklov-db:27017 UNKNOWN>]>
D, [2022-11-02T20:43:18.450496 #760] DEBUG -- : MONGODB | Server description for rocklov-db:27017 changed from 'unknown' to 'standalone'.
D, [2022-11-02T20:43:18.451399 #760] DEBUG -- : MONGODB | Topology type 'Unknown' changed to type 'Single'.
D, [2022-11-02T20:43:18.527494 #760] DEBUG -- : MONGODB | Server description for rocklov-db:27017 changed from 'standalone' to 'standalone'.
D, [2022-11-02T20:43:18.527958 #760] DEBUG -- : MONGODB | There was a change in the members of the 'Single' topology.
D, [2022-11-02T20:43:18.530167 #760] DEBUG -- : MONGODB | rocklov-db:27017 req:7 conn:1:1 sconn:8 | rocklov.find | STARTED | {"find"=>"users", "filter"=>{"email"=>"snow@hotmail.com"}, "$db"=>"rocklov", "lsid"=>{"id"=><BSON::Binary:0x4560 type=uuid data=0x3276edd6f9c14f3e...>}}
D, [2022-11-02T20:43:18.542207 #760] DEBUG -- : MONGODB | rocklov-db:27017 req:7 | rocklov.find | SUCCEEDED | 0.012s
D, [2022-11-02T20:43:18.544778 #760] DEBUG -- : MONGODB | rocklov-db:27017 req:8 conn:1:1 sconn:8 | rocklov.delete | STARTED | {"delete"=>"equipos", "ordered"=>true, "deletes"=>[{"q"=>{"name"=>"Fender Strato", "user"=>BSON::ObjectId('63572cbf7ed3ad00270bd41f')}, "limit"=>0}], "$db"=>"rocklov", "lsid"=>{"id"=><BSON::Binary:0x4560 type=uuid data=0x3276edd6f9c14f3e...>}}
D, [2022-11-02T20:43:18.557029 #760] DEBUG -- : MONGODB | rocklov-db:27017 req:8 | rocklov.delete | SUCCEEDED | 0.012s
D, [2022-11-02T20:43:24.954139 #760] DEBUG -- : MONGODB | Server description for rocklov-db:27017 changed from 'standalone' to 'standalone'.
D, [2022-11-02T20:43:24.956092 #760] DEBUG -- : MONGODB | There was a change in the members of the 'Single' topology.
D, [2022-11-02T20:43:24.957539 #760] DEBUG -- : MONGODB | rocklov-db:27017 req:10 conn:1:2 sconn:9 | admin.endSessions | STARTED | {"endSessions"=>[{"id"=><BSON::Binary:0x4560 type=uuid data=0x3276edd6f9c14f3e...>}], "$db"=>"admin"}
D, [2022-11-02T20:43:24.969755 #760] DEBUG -- : MONGODB | rocklov-db:27017 req:10 | admin.endSessions | SUCCEEDED | 0.012s
D, [2022-11-02T20:46:41.631041 #1972] DEBUG -- : MONGODB | Topology type 'unknown' initializing.
D, [2022-11-02T20:46:41.649710 #1972] DEBUG -- : MONGODB | There was a change in the members of the 'Unknown' topology.
D, [2022-11-02T20:46:41.656407 #1972] DEBUG -- : MONGODB | Server rocklov-db:27017 initializing.
D, [2022-11-02T20:46:41.659891 #1972] DEBUG -- : MONGODB | Waiting for up to 30.00 seconds for servers to be scanned: #<Cluster topology=Unknown[rocklov-db:27017] servers=[#<Server address=rocklov-db:27017 UNKNOWN>]>
D, [2022-11-02T20:46:41.864234 #1972] DEBUG -- : MONGODB | Server description for rocklov-db:27017 changed from 'unknown' to 'standalone'.
D, [2022-11-02T20:46:41.867424 #1972] DEBUG -- : MONGODB | Topology type 'Unknown' changed to type 'Single'.
D, [2022-11-02T20:46:41.957466 #1972] DEBUG -- : MONGODB | Server description for rocklov-db:27017 changed from 'standalone' to 'standalone'.
D, [2022-11-02T20:46:41.962104 #1972] DEBUG -- : MONGODB | There was a change in the members of the 'Single' topology.
D, [2022-11-02T20:46:41.968996 #1972] DEBUG -- : MONGODB | rocklov-db:27017 req:7 conn:1:1 sconn:11 | rocklov.delete | STARTED | {"delete"=>"users", "ordered"=>true, "deletes"=>[{"q"=>{"email"=>"diogenes-email@hotmail.com"}, "limit"=>0}], "$db"=>"rocklov", "lsid"=>{"id"=><BSON::Binary:0x4580 type=uuid data=0xa46828d45448491b...>}}
D, [2022-11-02T20:46:41.980193 #1972] DEBUG -- : MONGODB | rocklov-db:27017 req:7 | rocklov.delete | SUCCEEDED | 0.004s
D, [2022-11-02T20:46:49.196310 #1972] DEBUG -- : MONGODB | Topology type 'unknown' initializing.
D, [2022-11-02T20:46:49.200219 #1972] DEBUG -- : MONGODB | There was a change in the members of the 'Unknown' topology.
D, [2022-11-02T20:46:49.201266 #1972] DEBUG -- : MONGODB | Server rocklov-db:27017 initializing.
D, [2022-11-02T20:46:49.202702 #1972] DEBUG -- : MONGODB | Waiting for up to 30.00 seconds for servers to be scanned: #<Cluster topology=Unknown[rocklov-db:27017] servers=[#<Server address=rocklov-db:27017 UNKNOWN>]>
D, [2022-11-02T20:46:49.231611 #1972] DEBUG -- : MONGODB | Server description for rocklov-db:27017 changed from 'unknown' to 'standalone'.
D, [2022-11-02T20:46:49.236958 #1972] DEBUG -- : MONGODB | Topology type 'Unknown' changed to type 'Single'.
D, [2022-11-02T20:46:49.265313 #1972] DEBUG -- : MONGODB | Server description for rocklov-db:27017 changed from 'standalone' to 'standalone'.
D, [2022-11-02T20:46:49.266507 #1972] DEBUG -- : MONGODB | There was a change in the members of the 'Single' topology.
D, [2022-11-02T20:46:49.269485 #1972] DEBUG -- : MONGODB | rocklov-db:27017 req:10 conn:1:1 sconn:13 | rocklov.delete | STARTED | {"delete"=>"users", "ordered"=>true, "deletes"=>[{"q"=>{"email"=>"diogenes-email@hotmail.com"}, "limit"=>0}], "$db"=>"rocklov", "lsid"=>{"id"=><BSON::Binary:0x4700 type=uuid data=0x4187b1005ad84979...>}}
D, [2022-11-02T20:46:49.282220 #1972] DEBUG -- : MONGODB | rocklov-db:27017 req:10 | rocklov.delete | SUCCEEDED | 0.012s
D, [2022-11-02T20:46:51.890970 #1972] DEBUG -- : MONGODB | Server description for rocklov-db:27017 changed from 'standalone' to 'standalone'.
D, [2022-11-02T20:46:51.892185 #1972] DEBUG -- : MONGODB | There was a change in the members of the 'Single' topology.
D, [2022-11-02T20:46:53.430869 #1972] DEBUG -- : MONGODB | Topology type 'unknown' initializing.
D, [2022-11-02T20:46:53.457864 #1972] DEBUG -- : MONGODB | There was a change in the members of the 'Unknown' topology.
D, [2022-11-02T20:46:53.460205 #1972] DEBUG -- : MONGODB | Server rocklov-db:27017 initializing.
D, [2022-11-02T20:46:53.465037 #1972] DEBUG -- : MONGODB | Waiting for up to 30.00 seconds for servers to be scanned: #<Cluster topology=Unknown[rocklov-db:27017] servers=[#<Server address=rocklov-db:27017 UNKNOWN>]>
D, [2022-11-02T20:46:53.492414 #1972] DEBUG -- : MONGODB | Server description for rocklov-db:27017 changed from 'unknown' to 'standalone'.
D, [2022-11-02T20:46:53.509861 #1972] DEBUG -- : MONGODB | Topology type 'Unknown' changed to type 'Single'.
D, [2022-11-02T20:46:53.605802 #1972] DEBUG -- : MONGODB | Server description for rocklov-db:27017 changed from 'standalone' to 'standalone'.
D, [2022-11-02T20:46:53.608039 #1972] DEBUG -- : MONGODB | There was a change in the members of the 'Single' topology.
D, [2022-11-02T20:46:53.611002 #1972] DEBUG -- : MONGODB | rocklov-db:27017 req:13 conn:1:1 sconn:15 | rocklov.delete | STARTED | {"delete"=>"users", "ordered"=>true, "deletes"=>[{"q"=>{"email"=>""}, "limit"=>0}], "$db"=>"rocklov", "lsid"=>{"id"=><BSON::Binary:0x5260 type=uuid data=0xf74190255adc46ad...>}}
D, [2022-11-02T20:46:53.633888 #1972] DEBUG -- : MONGODB | rocklov-db:27017 req:13 | rocklov.delete | SUCCEEDED | 0.022s
D, [2022-11-02T20:46:57.816167 #1972] DEBUG -- : MONGODB | Topology type 'unknown' initializing.
D, [2022-11-02T20:46:57.851032 #1972] DEBUG -- : MONGODB | There was a change in the members of the 'Unknown' topology.
D, [2022-11-02T20:46:57.858057 #1972] DEBUG -- : MONGODB | Server rocklov-db:27017 initializing.
D, [2022-11-02T20:46:57.859349 #1972] DEBUG -- : MONGODB | Waiting for up to 30.00 seconds for servers to be scanned: #<Cluster topology=Unknown[rocklov-db:27017] servers=[#<Server address=rocklov-db:27017 UNKNOWN>]>
D, [2022-11-02T20:46:57.958237 #1972] DEBUG -- : MONGODB | Server description for rocklov-db:27017 changed from 'unknown' to 'standalone'.
D, [2022-11-02T20:46:57.963066 #1972] DEBUG -- : MONGODB | Topology type 'Unknown' changed to type 'Single'.
D, [2022-11-02T20:46:57.996030 #1972] DEBUG -- : MONGODB | Server description for rocklov-db:27017 changed from 'standalone' to 'standalone'.
D, [2022-11-02T20:46:57.999044 #1972] DEBUG -- : MONGODB | There was a change in the members of the 'Single' topology.
D, [2022-11-02T20:46:58.001096 #1972] DEBUG -- : MONGODB | rocklov-db:27017 req:16 conn:1:1 sconn:17 | rocklov.delete | STARTED | {"delete"=>"users", "ordered"=>true, "deletes"=>[{"q"=>{"email"=>"diogenes-email*hotmail.com"}, "limit"=>0}], "$db"=>"rocklov", "lsid"=>{"id"=><BSON::Binary:0x5380 type=uuid data=0x975359e7af9e49a2...>}}
D, [2022-11-02T20:46:58.013263 #1972] DEBUG -- : MONGODB | rocklov-db:27017 req:16 | rocklov.delete | SUCCEEDED | 0.012s
D, [2022-11-02T20:46:59.247832 #1972] DEBUG -- : MONGODB | Server description for rocklov-db:27017 changed from 'standalone' to 'standalone'.
D, [2022-11-02T20:46:59.248382 #1972] DEBUG -- : MONGODB | There was a change in the members of the 'Single' topology.
D, [2022-11-02T20:47:01.800372 #1972] DEBUG -- : MONGODB | Topology type 'unknown' initializing.
D, [2022-11-02T20:47:01.802210 #1972] DEBUG -- : MONGODB | There was a change in the members of the 'Unknown' topology.
D, [2022-11-02T20:47:01.802876 #1972] DEBUG -- : MONGODB | Server rocklov-db:27017 initializing.
D, [2022-11-02T20:47:01.804373 #1972] DEBUG -- : MONGODB | Waiting for up to 30.00 seconds for servers to be scanned: #<Cluster topology=Unknown[rocklov-db:27017] servers=[#<Server address=rocklov-db:27017 UNKNOWN>]>
D, [2022-11-02T20:47:01.834493 #1972] DEBUG -- : MONGODB | Server description for rocklov-db:27017 changed from 'unknown' to 'standalone'.
D, [2022-11-02T20:47:01.836645 #1972] DEBUG -- : MONGODB | Topology type 'Unknown' changed to type 'Single'.
D, [2022-11-02T20:47:01.857591 #1972] DEBUG -- : MONGODB | Server description for rocklov-db:27017 changed from 'standalone' to 'standalone'.
D, [2022-11-02T20:47:01.858179 #1972] DEBUG -- : MONGODB | There was a change in the members of the 'Single' topology.
D, [2022-11-02T20:47:01.862088 #1972] DEBUG -- : MONGODB | rocklov-db:27017 req:19 conn:1:1 sconn:19 | rocklov.delete | STARTED | {"delete"=>"users", "ordered"=>true, "deletes"=>[{"q"=>{"email"=>"diogenes-email@hotmail.com"}, "limit"=>0}], "$db"=>"rocklov", "lsid"=>{"id"=><BSON::Binary:0x5520 type=uuid data=0xb380cec072ef48e5...>}}
D, [2022-11-02T20:47:01.876286 #1972] DEBUG -- : MONGODB | rocklov-db:27017 req:19 | rocklov.delete | SUCCEEDED | 0.013s
D, [2022-11-02T20:47:03.685213 #1972] DEBUG -- : MONGODB | Server description for rocklov-db:27017 changed from 'standalone' to 'standalone'.
D, [2022-11-02T20:47:03.756497 #1972] DEBUG -- : MONGODB | There was a change in the members of the 'Single' topology.
D, [2022-11-02T20:47:08.083468 #1972] DEBUG -- : MONGODB | Server description for rocklov-db:27017 changed from 'standalone' to 'standalone'.
D, [2022-11-02T20:47:08.088019 #1972] DEBUG -- : MONGODB | There was a change in the members of the 'Single' topology.
D, [2022-11-02T20:47:10.883124 #1972] DEBUG -- : MONGODB | Topology type 'unknown' initializing.
D, [2022-11-02T20:47:10.885627 #1972] DEBUG -- : MONGODB | There was a change in the members of the 'Unknown' topology.
D, [2022-11-02T20:47:10.888379 #1972] DEBUG -- : MONGODB | Server rocklov-db:27017 initializing.
D, [2022-11-02T20:47:10.891126 #1972] DEBUG -- : MONGODB | Waiting for up to 30.00 seconds for servers to be scanned: #<Cluster topology=Unknown[rocklov-db:27017] servers=[#<Server address=rocklov-db:27017 UNKNOWN>]>
D, [2022-11-02T20:47:10.932549 #1972] DEBUG -- : MONGODB | Server description for rocklov-db:27017 changed from 'unknown' to 'standalone'.
D, [2022-11-02T20:47:10.936149 #1972] DEBUG -- : MONGODB | Topology type 'Unknown' changed to type 'Single'.
D, [2022-11-02T20:47:10.984014 #1972] DEBUG -- : MONGODB | Server description for rocklov-db:27017 changed from 'standalone' to 'standalone'.
D, [2022-11-02T20:47:10.985029 #1972] DEBUG -- : MONGODB | There was a change in the members of the 'Single' topology.
D, [2022-11-02T20:47:11.012117 #1972] DEBUG -- : MONGODB | rocklov-db:27017 req:22 conn:1:1 sconn:21 | rocklov.find | STARTED | {"find"=>"users", "filter"=>{"email"=>"snow@hotmail.com"}, "$db"=>"rocklov", "lsid"=>{"id"=><BSON::Binary:0x5720 type=uuid data=0x7a1d4bee8fa64d7b...>}}
D, [2022-11-02T20:47:11.029966 #1972] DEBUG -- : MONGODB | rocklov-db:27017 req:22 | rocklov.find | SUCCEEDED | 0.017s
D, [2022-11-02T20:47:11.040881 #1972] DEBUG -- : MONGODB | rocklov-db:27017 req:23 conn:1:1 sconn:21 | rocklov.delete | STARTED | {"delete"=>"equipos", "ordered"=>true, "deletes"=>[{"q"=>{"name"=>"Fender Strato", "user"=>BSON::ObjectId('63572cbf7ed3ad00270bd41f')}, "limit"=>0}], "$db"=>"rocklov", "lsid"=>{"id"=><BSON::Binary:0x5720 type=uuid data=0x7a1d4bee8fa64d7b...>}}
D, [2022-11-02T20:47:11.054653 #1972] DEBUG -- : MONGODB | rocklov-db:27017 req:23 | rocklov.delete | SUCCEEDED | 0.013s
D, [2022-11-02T20:47:11.852995 #1972] DEBUG -- : MONGODB | Server description for rocklov-db:27017 changed from 'standalone' to 'standalone'.
D, [2022-11-02T20:47:11.853811 #1972] DEBUG -- : MONGODB | There was a change in the members of the 'Single' topology.
D, [2022-11-02T20:47:20.941359 #1972] DEBUG -- : MONGODB | Server description for rocklov-db:27017 changed from 'standalone' to 'standalone'.
D, [2022-11-02T20:47:20.946263 #1972] DEBUG -- : MONGODB | There was a change in the members of the 'Single' topology.
D, [2022-11-02T20:47:30.229363 #1972] DEBUG -- : MONGODB | Server description for rocklov-db:27017 changed from 'standalone' to 'standalone'.
D, [2022-11-02T20:47:30.230044 #1972] DEBUG -- : MONGODB | There was a change in the members of the 'Single' topology.
D, [2022-11-02T20:47:30.241818 #1972] DEBUG -- : MONGODB | rocklov-db:27017 req:25 conn:1:2 sconn:22 | admin.endSessions | STARTED | {"endSessions"=>[{"id"=><BSON::Binary:0x5720 type=uuid data=0x7a1d4bee8fa64d7b...>}], "$db"=>"admin"}
D, [2022-11-02T20:47:30.254162 #1972] DEBUG -- : MONGODB | rocklov-db:27017 req:25 | admin.endSessions | SUCCEEDED | 0.012s
D, [2022-11-02T20:47:30.279264 #1972] DEBUG -- : MONGODB | Server description for rocklov-db:27017 changed from 'standalone' to 'standalone'.
D, [2022-11-02T20:47:30.279648 #1972] DEBUG -- : MONGODB | There was a change in the members of the 'Single' topology.
D, [2022-11-02T20:47:30.280400 #1972] DEBUG -- : MONGODB | rocklov-db:27017 req:27 conn:1:2 sconn:23 | admin.endSessions | STARTED | {"endSessions"=>[{"id"=><BSON::Binary:0x5520 type=uuid data=0xb380cec072ef48e5...>}], "$db"=>"admin"}
D, [2022-11-02T20:47:30.292677 #1972] DEBUG -- : MONGODB | rocklov-db:27017 req:27 | admin.endSessions | SUCCEEDED | 0.012s
D, [2022-11-02T20:47:30.315354 #1972] DEBUG -- : MONGODB | Server description for rocklov-db:27017 changed from 'standalone' to 'standalone'.
D, [2022-11-02T20:47:30.316090 #1972] DEBUG -- : MONGODB | There was a change in the members of the 'Single' topology.
D, [2022-11-02T20:47:30.316873 #1972] DEBUG -- : MONGODB | rocklov-db:27017 req:29 conn:1:2 sconn:24 | admin.endSessions | STARTED | {"endSessions"=>[{"id"=><BSON::Binary:0x5380 type=uuid data=0x975359e7af9e49a2...>}], "$db"=>"admin"}
D, [2022-11-02T20:47:30.328807 #1972] DEBUG -- : MONGODB | rocklov-db:27017 req:29 | admin.endSessions | SUCCEEDED | 0.012s
D, [2022-11-02T20:47:30.352360 #1972] DEBUG -- : MONGODB | Server description for rocklov-db:27017 changed from 'standalone' to 'standalone'.
D, [2022-11-02T20:47:30.352718 #1972] DEBUG -- : MONGODB | There was a change in the members of the 'Single' topology.
D, [2022-11-02T20:47:30.353541 #1972] DEBUG -- : MONGODB | rocklov-db:27017 req:31 conn:1:2 sconn:25 | admin.endSessions | STARTED | {"endSessions"=>[{"id"=><BSON::Binary:0x5260 type=uuid data=0xf74190255adc46ad...>}], "$db"=>"admin"}
D, [2022-11-02T20:47:30.364886 #1972] DEBUG -- : MONGODB | rocklov-db:27017 req:31 | admin.endSessions | SUCCEEDED | 0.011s
D, [2022-11-02T20:47:30.389054 #1972] DEBUG -- : MONGODB | Server description for rocklov-db:27017 changed from 'standalone' to 'standalone'.
D, [2022-11-02T20:47:30.389562 #1972] DEBUG -- : MONGODB | There was a change in the members of the 'Single' topology.
D, [2022-11-02T20:47:30.390480 #1972] DEBUG -- : MONGODB | rocklov-db:27017 req:33 conn:1:2 sconn:26 | admin.endSessions | STARTED | {"endSessions"=>[{"id"=><BSON::Binary:0x4700 type=uuid data=0x4187b1005ad84979...>}], "$db"=>"admin"}
D, [2022-11-02T20:47:30.402094 #1972] DEBUG -- : MONGODB | rocklov-db:27017 req:33 | admin.endSessions | SUCCEEDED | 0.011s
D, [2022-11-02T20:47:30.422764 #1972] DEBUG -- : MONGODB | Server description for rocklov-db:27017 changed from 'standalone' to 'standalone'.
D, [2022-11-02T20:47:30.423265 #1972] DEBUG -- : MONGODB | There was a change in the members of the 'Single' topology.
D, [2022-11-02T20:47:30.424428 #1972] DEBUG -- : MONGODB | rocklov-db:27017 req:35 conn:1:2 sconn:27 | admin.endSessions | STARTED | {"endSessions"=>[{"id"=><BSON::Binary:0x4580 type=uuid data=0xa46828d45448491b...>}], "$db"=>"admin"}
D, [2022-11-02T20:47:30.436296 #1972] DEBUG -- : MONGODB | rocklov-db:27017 req:35 | admin.endSessions | SUCCEEDED | 0.011s
